{"/Users/mayank.narula/Documents/Workspace/personal/SumItUp/backend/src/controllers/ad/index.ts":{"path":"/Users/mayank.narula/Documents/Workspace/personal/SumItUp/backend/src/controllers/ad/index.ts","statementMap":{"0":{"start":{"line":3,"column":21},"end":{"line":5,"column":1}}},"fnMap":{},"branchMap":{},"s":{"0":0},"f":{},"b":{},"all":true},"/Users/mayank.narula/Documents/Workspace/personal/SumItUp/backend/src/controllers/auth/index.ts":{"path":"/Users/mayank.narula/Documents/Workspace/personal/SumItUp/backend/src/controllers/auth/index.ts","statementMap":{"0":{"start":{"line":10,"column":23},"end":{"line":21,"column":1}}},"fnMap":{},"branchMap":{},"s":{"0":0},"f":{},"b":{},"all":true},"/Users/mayank.narula/Documents/Workspace/personal/SumItUp/backend/src/controllers/pdf/index.ts":{"path":"/Users/mayank.narula/Documents/Workspace/personal/SumItUp/backend/src/controllers/pdf/index.ts","statementMap":{"0":{"start":{"line":3,"column":22},"end":{"line":5,"column":1}}},"fnMap":{},"branchMap":{},"s":{"0":0},"f":{},"b":{},"all":true},"/Users/mayank.narula/Documents/Workspace/personal/SumItUp/backend/src/controllers/summary/index.ts":{"path":"/Users/mayank.narula/Documents/Workspace/personal/SumItUp/backend/src/controllers/summary/index.ts","statementMap":{"0":{"start":{"line":10,"column":26},"end":{"line":19,"column":1}}},"fnMap":{},"branchMap":{},"s":{"0":0},"f":{},"b":{},"all":true},"/Users/mayank.narula/Documents/Workspace/personal/SumItUp/backend/src/services/pdf/generate.js":{"path":"/Users/mayank.narula/Documents/Workspace/personal/SumItUp/backend/src/services/pdf/generate.js","statementMap":{"0":{"start":{"line":1,"column":20},"end":{"line":1,"column":37}},"1":{"start":{"line":2,"column":11},"end":{"line":2,"column":24}},"2":{"start":{"line":7,"column":4},"end":{"line":27,"column":7}},"3":{"start":{"line":8,"column":6},"end":{"line":26,"column":7}},"4":{"start":{"line":9,"column":8},"end":{"line":11,"column":9}},"5":{"start":{"line":10,"column":10},"end":{"line":10,"column":55}},"6":{"start":{"line":12,"column":23},"end":{"line":12,"column":40}},"7":{"start":{"line":13,"column":24},"end":{"line":13,"column":58}},"8":{"start":{"line":16,"column":8},"end":{"line":16,"column":51}},"9":{"start":{"line":17,"column":8},"end":{"line":17,"column":28}},"10":{"start":{"line":18,"column":8},"end":{"line":18,"column":29}},"11":{"start":{"line":21,"column":8},"end":{"line":21,"column":21}},"12":{"start":{"line":23,"column":8},"end":{"line":23,"column":25}},"13":{"start":{"line":25,"column":8},"end":{"line":25,"column":22}},"14":{"start":{"line":31,"column":0},"end":{"line":31,"column":28}}},"fnMap":{"0":{"name":"(anonymous_0)","decl":{"start":{"line":6,"column":2},"end":{"line":6,"column":3}},"loc":{"start":{"line":6,"column":38},"end":{"line":28,"column":3}},"line":6},"1":{"name":"(anonymous_1)","decl":{"start":{"line":7,"column":23},"end":{"line":7,"column":24}},"loc":{"start":{"line":7,"column":44},"end":{"line":27,"column":5}},"line":7}},"branchMap":{"0":{"loc":{"start":{"line":9,"column":8},"end":{"line":11,"column":9}},"type":"if","locations":[{"start":{"line":9,"column":8},"end":{"line":11,"column":9}},{"start":{"line":9,"column":8},"end":{"line":11,"column":9}}],"line":9},"1":{"loc":{"start":{"line":9,"column":12},"end":{"line":9,"column":45}},"type":"binary-expr","locations":[{"start":{"line":9,"column":12},"end":{"line":9,"column":20}},{"start":{"line":9,"column":24},"end":{"line":9,"column":45}}],"line":9}},"s":{"0":0,"1":0,"2":0,"3":0,"4":0,"5":0,"6":0,"7":0,"8":0,"9":0,"10":0,"11":0,"12":0,"13":0,"14":0},"f":{"0":0,"1":0},"b":{"0":[0,0],"1":[0,0]},"all":true},"/Users/mayank.narula/Documents/Workspace/personal/SumItUp/backend/src/utils/audio/index.js":{"path":"/Users/mayank.narula/Documents/Workspace/personal/SumItUp/backend/src/utils/audio/index.js","statementMap":{"0":{"start":{"line":1,"column":27},"end":{"line":1,"column":58}},"1":{"start":{"line":3,"column":0},"end":{"line":5,"column":2}}},"fnMap":{},"branchMap":{},"s":{"0":0,"1":0},"f":{},"b":{},"all":true},"/Users/mayank.narula/Documents/Workspace/personal/SumItUp/backend/src/utils/image/index.js":{"path":"/Users/mayank.narula/Documents/Workspace/personal/SumItUp/backend/src/utils/image/index.js","statementMap":{"0":{"start":{"line":1,"column":27},"end":{"line":1,"column":58}},"1":{"start":{"line":3,"column":0},"end":{"line":5,"column":2}}},"fnMap":{},"branchMap":{},"s":{"0":0,"1":0},"f":{},"b":{},"all":true},"/Users/mayank.narula/Documents/Workspace/personal/SumItUp/backend/src/utils/text/generateSummaryFromText.js":{"path":"/Users/mayank.narula/Documents/Workspace/personal/SumItUp/backend/src/utils/text/generateSummaryFromText.js","statementMap":{"0":{"start":{"line":1,"column":16},"end":{"line":1,"column":34}},"1":{"start":{"line":2,"column":18},"end":{"line":2,"column":46}},"2":{"start":{"line":4,"column":18},"end":{"line":4,"column":45}},"3":{"start":{"line":5,"column":26},"end":{"line":5,"column":57}},"4":{"start":{"line":8,"column":18},"end":{"line":8,"column":71}},"5":{"start":{"line":8,"column":55},"end":{"line":8,"column":70}},"6":{"start":{"line":9,"column":18},"end":{"line":9,"column":71}},"7":{"start":{"line":9,"column":55},"end":{"line":9,"column":70}},"8":{"start":{"line":11,"column":20},"end":{"line":11,"column":53}},"9":{"start":{"line":12,"column":20},"end":{"line":12,"column":79}},"10":{"start":{"line":12,"column":56},"end":{"line":12,"column":78}},"11":{"start":{"line":14,"column":2},"end":{"line":14,"column":39}},"12":{"start":{"line":14,"column":30},"end":{"line":14,"column":39}},"13":{"start":{"line":16,"column":15},"end":{"line":16,"column":66}},"14":{"start":{"line":16,"column":37},"end":{"line":16,"column":64}},"15":{"start":{"line":17,"column":15},"end":{"line":17,"column":66}},"16":{"start":{"line":17,"column":37},"end":{"line":17,"column":64}},"17":{"start":{"line":19,"column":19},"end":{"line":19,"column":20}},"18":{"start":{"line":20,"column":13},"end":{"line":20,"column":14}},"19":{"start":{"line":21,"column":13},"end":{"line":21,"column":14}},"20":{"start":{"line":23,"column":2},"end":{"line":27,"column":3}},"21":{"start":{"line":23,"column":15},"end":{"line":23,"column":16}},"22":{"start":{"line":24,"column":4},"end":{"line":24,"column":36}},"23":{"start":{"line":25,"column":4},"end":{"line":25,"column":30}},"24":{"start":{"line":26,"column":4},"end":{"line":26,"column":30}},"25":{"start":{"line":29,"column":2},"end":{"line":29,"column":41}},"26":{"start":{"line":29,"column":32},"end":{"line":29,"column":41}},"27":{"start":{"line":30,"column":2},"end":{"line":30,"column":58}},"28":{"start":{"line":34,"column":17},"end":{"line":34,"column":43}},"29":{"start":{"line":35,"column":16},"end":{"line":35,"column":73}},"30":{"start":{"line":36,"column":14},"end":{"line":36,"column":65}},"31":{"start":{"line":37,"column":2},"end":{"line":37,"column":72}},"32":{"start":{"line":41,"column":2},"end":{"line":43,"column":3}},"33":{"start":{"line":42,"column":4},"end":{"line":42,"column":60}},"34":{"start":{"line":42,"column":32},"end":{"line":42,"column":47}},"35":{"start":{"line":44,"column":2},"end":{"line":46,"column":3}},"36":{"start":{"line":45,"column":4},"end":{"line":45,"column":71}},"37":{"start":{"line":45,"column":35},"end":{"line":45,"column":58}},"38":{"start":{"line":47,"column":2},"end":{"line":47,"column":29}},"39":{"start":{"line":50,"column":32},"end":{"line":78,"column":1}},"40":{"start":{"line":51,"column":2},"end":{"line":51,"column":23}},"41":{"start":{"line":51,"column":13},"end":{"line":51,"column":23}},"42":{"start":{"line":53,"column":20},"end":{"line":53,"column":52}},"43":{"start":{"line":54,"column":2},"end":{"line":54,"column":76}},"44":{"start":{"line":54,"column":29},"end":{"line":54,"column":76}},"45":{"start":{"line":56,"column":17},"end":{"line":56,"column":52}},"46":{"start":{"line":58,"column":2},"end":{"line":68,"column":3}},"47":{"start":{"line":58,"column":15},"end":{"line":58,"column":16}},"48":{"start":{"line":59,"column":4},"end":{"line":62,"column":5}},"49":{"start":{"line":59,"column":17},"end":{"line":59,"column":18}},"50":{"start":{"line":60,"column":6},"end":{"line":60,"column":28}},"51":{"start":{"line":60,"column":19},"end":{"line":60,"column":28}},"52":{"start":{"line":61,"column":6},"end":{"line":61,"column":66}},"53":{"start":{"line":64,"column":22},"end":{"line":64,"column":48}},"54":{"start":{"line":65,"column":4},"end":{"line":65,"column":95}},"55":{"start":{"line":65,"column":77},"end":{"line":65,"column":95}},"56":{"start":{"line":66,"column":4},"end":{"line":66,"column":96}},"57":{"start":{"line":66,"column":78},"end":{"line":66,"column":96}},"58":{"start":{"line":67,"column":4},"end":{"line":67,"column":94}},"59":{"start":{"line":67,"column":77},"end":{"line":67,"column":94}},"60":{"start":{"line":70,"column":24},"end":{"line":70,"column":72}},"61":{"start":{"line":70,"column":54},"end":{"line":70,"column":70}},"62":{"start":{"line":71,"column":2},"end":{"line":71,"column":50}},"63":{"start":{"line":71,"column":31},"end":{"line":71,"column":48}},"64":{"start":{"line":73,"column":16},"end":{"line":73,"column":60}},"65":{"start":{"line":74,"column":21},"end":{"line":74,"column":76}},"66":{"start":{"line":74,"column":65},"end":{"line":74,"column":75}},"67":{"start":{"line":75,"column":2},"end":{"line":75,"column":35}},"68":{"start":{"line":75,"column":28},"end":{"line":75,"column":33}},"69":{"start":{"line":77,"column":2},"end":{"line":77,"column":75}},"70":{"start":{"line":77,"column":45},"end":{"line":77,"column":57}},"71":{"start":{"line":80,"column":0},"end":{"line":80,"column":41}}},"fnMap":{"0":{"name":"sentenceSimilarity","decl":{"start":{"line":7,"column":9},"end":{"line":7,"column":27}},"loc":{"start":{"line":7,"column":42},"end":{"line":31,"column":1}},"line":7},"1":{"name":"(anonymous_1)","decl":{"start":{"line":8,"column":48},"end":{"line":8,"column":49}},"loc":{"start":{"line":8,"column":55},"end":{"line":8,"column":70}},"line":8},"2":{"name":"(anonymous_2)","decl":{"start":{"line":9,"column":48},"end":{"line":9,"column":49}},"loc":{"start":{"line":9,"column":55},"end":{"line":9,"column":70}},"line":9},"3":{"name":"(anonymous_3)","decl":{"start":{"line":12,"column":49},"end":{"line":12,"column":50}},"loc":{"start":{"line":12,"column":56},"end":{"line":12,"column":78}},"line":12},"4":{"name":"(anonymous_4)","decl":{"start":{"line":16,"column":29},"end":{"line":16,"column":30}},"loc":{"start":{"line":16,"column":37},"end":{"line":16,"column":64}},"line":16},"5":{"name":"(anonymous_5)","decl":{"start":{"line":17,"column":29},"end":{"line":17,"column":30}},"loc":{"start":{"line":17,"column":37},"end":{"line":17,"column":64}},"line":17},"6":{"name":"pickSentenceCount","decl":{"start":{"line":33,"column":9},"end":{"line":33,"column":26}},"loc":{"start":{"line":33,"column":57},"end":{"line":38,"column":1}},"line":33},"7":{"name":"formatSummary","decl":{"start":{"line":40,"column":9},"end":{"line":40,"column":22}},"loc":{"start":{"line":40,"column":55},"end":{"line":48,"column":1}},"line":40},"8":{"name":"(anonymous_8)","decl":{"start":{"line":42,"column":25},"end":{"line":42,"column":26}},"loc":{"start":{"line":42,"column":32},"end":{"line":42,"column":47}},"line":42},"9":{"name":"(anonymous_9)","decl":{"start":{"line":45,"column":25},"end":{"line":45,"column":26}},"loc":{"start":{"line":45,"column":35},"end":{"line":45,"column":58}},"line":45},"10":{"name":"(anonymous_10)","decl":{"start":{"line":50,"column":32},"end":{"line":50,"column":33}},"loc":{"start":{"line":50,"column":56},"end":{"line":78,"column":1}},"line":50},"11":{"name":"(anonymous_11)","decl":{"start":{"line":70,"column":35},"end":{"line":70,"column":36}},"loc":{"start":{"line":70,"column":54},"end":{"line":70,"column":70}},"line":70},"12":{"name":"(anonymous_12)","decl":{"start":{"line":71,"column":21},"end":{"line":71,"column":22}},"loc":{"start":{"line":71,"column":31},"end":{"line":71,"column":48}},"line":71},"13":{"name":"(anonymous_13)","decl":{"start":{"line":74,"column":55},"end":{"line":74,"column":56}},"loc":{"start":{"line":74,"column":65},"end":{"line":74,"column":75}},"line":74},"14":{"name":"(anonymous_14)","decl":{"start":{"line":75,"column":18},"end":{"line":75,"column":19}},"loc":{"start":{"line":75,"column":28},"end":{"line":75,"column":33}},"line":75},"15":{"name":"(anonymous_15)","decl":{"start":{"line":77,"column":38},"end":{"line":77,"column":39}},"loc":{"start":{"line":77,"column":45},"end":{"line":77,"column":57}},"line":77}},"branchMap":{"0":{"loc":{"start":{"line":14,"column":2},"end":{"line":14,"column":39}},"type":"if","locations":[{"start":{"line":14,"column":2},"end":{"line":14,"column":39}},{"start":{"line":14,"column":2},"end":{"line":14,"column":39}}],"line":14},"1":{"loc":{"start":{"line":16,"column":37},"end":{"line":16,"column":64}},"type":"cond-expr","locations":[{"start":{"line":16,"column":59},"end":{"line":16,"column":60}},{"start":{"line":16,"column":63},"end":{"line":16,"column":64}}],"line":16},"2":{"loc":{"start":{"line":17,"column":37},"end":{"line":17,"column":64}},"type":"cond-expr","locations":[{"start":{"line":17,"column":59},"end":{"line":17,"column":60}},{"start":{"line":17,"column":63},"end":{"line":17,"column":64}}],"line":17},"3":{"loc":{"start":{"line":29,"column":2},"end":{"line":29,"column":41}},"type":"if","locations":[{"start":{"line":29,"column":2},"end":{"line":29,"column":41}},{"start":{"line":29,"column":2},"end":{"line":29,"column":41}}],"line":29},"4":{"loc":{"start":{"line":29,"column":6},"end":{"line":29,"column":30}},"type":"binary-expr","locations":[{"start":{"line":29,"column":6},"end":{"line":29,"column":16}},{"start":{"line":29,"column":20},"end":{"line":29,"column":30}}],"line":29},"5":{"loc":{"start":{"line":33,"column":43},"end":{"line":33,"column":55}},"type":"default-arg","locations":[{"start":{"line":33,"column":53},"end":{"line":33,"column":55}}],"line":33},"6":{"loc":{"start":{"line":34,"column":17},"end":{"line":34,"column":43}},"type":"binary-expr","locations":[{"start":{"line":34,"column":17},"end":{"line":34,"column":31}},{"start":{"line":34,"column":35},"end":{"line":34,"column":43}}],"line":34},"7":{"loc":{"start":{"line":35,"column":16},"end":{"line":35,"column":73}},"type":"cond-expr","locations":[{"start":{"line":35,"column":37},"end":{"line":35,"column":40}},{"start":{"line":35,"column":43},"end":{"line":35,"column":73}}],"line":35},"8":{"loc":{"start":{"line":35,"column":43},"end":{"line":35,"column":73}},"type":"cond-expr","locations":[{"start":{"line":35,"column":63},"end":{"line":35,"column":67}},{"start":{"line":35,"column":70},"end":{"line":35,"column":73}}],"line":35},"9":{"loc":{"start":{"line":36,"column":14},"end":{"line":36,"column":65}},"type":"cond-expr","locations":[{"start":{"line":36,"column":35},"end":{"line":36,"column":36}},{"start":{"line":36,"column":39},"end":{"line":36,"column":65}}],"line":36},"10":{"loc":{"start":{"line":36,"column":39},"end":{"line":36,"column":65}},"type":"cond-expr","locations":[{"start":{"line":36,"column":59},"end":{"line":36,"column":61}},{"start":{"line":36,"column":64},"end":{"line":36,"column":65}}],"line":36},"11":{"loc":{"start":{"line":40,"column":34},"end":{"line":40,"column":53}},"type":"default-arg","locations":[{"start":{"line":40,"column":42},"end":{"line":40,"column":53}}],"line":40},"12":{"loc":{"start":{"line":41,"column":2},"end":{"line":43,"column":3}},"type":"if","locations":[{"start":{"line":41,"column":2},"end":{"line":43,"column":3}},{"start":{"line":41,"column":2},"end":{"line":43,"column":3}}],"line":41},"13":{"loc":{"start":{"line":44,"column":2},"end":{"line":46,"column":3}},"type":"if","locations":[{"start":{"line":44,"column":2},"end":{"line":46,"column":3}},{"start":{"line":44,"column":2},"end":{"line":46,"column":3}}],"line":44},"14":{"loc":{"start":{"line":50,"column":39},"end":{"line":50,"column":51}},"type":"default-arg","locations":[{"start":{"line":50,"column":49},"end":{"line":50,"column":51}}],"line":50},"15":{"loc":{"start":{"line":51,"column":2},"end":{"line":51,"column":23}},"type":"if","locations":[{"start":{"line":51,"column":2},"end":{"line":51,"column":23}},{"start":{"line":51,"column":2},"end":{"line":51,"column":23}}],"line":51},"16":{"loc":{"start":{"line":54,"column":2},"end":{"line":54,"column":76}},"type":"if","locations":[{"start":{"line":54,"column":2},"end":{"line":54,"column":76}},{"start":{"line":54,"column":2},"end":{"line":54,"column":76}}],"line":54},"17":{"loc":{"start":{"line":60,"column":6},"end":{"line":60,"column":28}},"type":"if","locations":[{"start":{"line":60,"column":6},"end":{"line":60,"column":28}},{"start":{"line":60,"column":6},"end":{"line":60,"column":28}}],"line":60},"18":{"loc":{"start":{"line":65,"column":4},"end":{"line":65,"column":95}},"type":"if","locations":[{"start":{"line":65,"column":4},"end":{"line":65,"column":95}},{"start":{"line":65,"column":4},"end":{"line":65,"column":95}}],"line":65},"19":{"loc":{"start":{"line":65,"column":8},"end":{"line":65,"column":75}},"type":"binary-expr","locations":[{"start":{"line":65,"column":8},"end":{"line":65,"column":43}},{"start":{"line":65,"column":47},"end":{"line":65,"column":75}}],"line":65},"20":{"loc":{"start":{"line":66,"column":4},"end":{"line":66,"column":96}},"type":"if","locations":[{"start":{"line":66,"column":4},"end":{"line":66,"column":96}},{"start":{"line":66,"column":4},"end":{"line":66,"column":96}}],"line":66},"21":{"loc":{"start":{"line":66,"column":8},"end":{"line":66,"column":76}},"type":"binary-expr","locations":[{"start":{"line":66,"column":8},"end":{"line":66,"column":39}},{"start":{"line":66,"column":43},"end":{"line":66,"column":76}}],"line":66},"22":{"loc":{"start":{"line":67,"column":4},"end":{"line":67,"column":94}},"type":"if","locations":[{"start":{"line":67,"column":4},"end":{"line":67,"column":94}},{"start":{"line":67,"column":4},"end":{"line":67,"column":94}}],"line":67},"23":{"loc":{"start":{"line":67,"column":8},"end":{"line":67,"column":75}},"type":"binary-expr","locations":[{"start":{"line":67,"column":8},"end":{"line":67,"column":38}},{"start":{"line":67,"column":42},"end":{"line":67,"column":75}}],"line":67}},"s":{"0":0,"1":0,"2":0,"3":0,"4":0,"5":0,"6":0,"7":0,"8":0,"9":0,"10":0,"11":0,"12":0,"13":0,"14":0,"15":0,"16":0,"17":0,"18":0,"19":0,"20":0,"21":0,"22":0,"23":0,"24":0,"25":0,"26":0,"27":0,"28":0,"29":0,"30":0,"31":0,"32":0,"33":0,"34":0,"35":0,"36":0,"37":0,"38":0,"39":0,"40":0,"41":0,"42":0,"43":0,"44":0,"45":0,"46":0,"47":0,"48":0,"49":0,"50":0,"51":0,"52":0,"53":0,"54":0,"55":0,"56":0,"57":0,"58":0,"59":0,"60":0,"61":0,"62":0,"63":0,"64":0,"65":0,"66":0,"67":0,"68":0,"69":0,"70":0,"71":0},"f":{"0":0,"1":0,"2":0,"3":0,"4":0,"5":0,"6":0,"7":0,"8":0,"9":0,"10":0,"11":0,"12":0,"13":0,"14":0,"15":0},"b":{"0":[0,0],"1":[0,0],"2":[0,0],"3":[0,0],"4":[0,0],"5":[0],"6":[0,0],"7":[0,0],"8":[0,0],"9":[0,0],"10":[0,0],"11":[0],"12":[0,0],"13":[0,0],"14":[0],"15":[0,0],"16":[0,0],"17":[0,0],"18":[0,0],"19":[0,0],"20":[0,0],"21":[0,0],"22":[0,0],"23":[0,0]},"all":true},"/Users/mayank.narula/Documents/Workspace/personal/SumItUp/backend/src/utils/text/index.js":{"path":"/Users/mayank.narula/Documents/Workspace/personal/SumItUp/backend/src/utils/text/index.js","statementMap":{"0":{"start":{"line":1,"column":32},"end":{"line":1,"column":68}},"1":{"start":{"line":3,"column":0},"end":{"line":5,"column":2}}},"fnMap":{},"branchMap":{},"s":{"0":0,"1":0},"f":{},"b":{},"all":true}}