{"/Users/mayank.narula/Documents/Workspace/personal/SumItUp/backend/src/controllers/ad/index.ts":{"path":"/Users/mayank.narula/Documents/Workspace/personal/SumItUp/backend/src/controllers/ad/index.ts","statementMap":{"0":{"start":{"line":3,"column":21},"end":{"line":5,"column":1}}},"fnMap":{},"branchMap":{},"s":{"0":0},"f":{},"b":{},"all":true},"/Users/mayank.narula/Documents/Workspace/personal/SumItUp/backend/src/controllers/auth/index.ts":{"path":"/Users/mayank.narula/Documents/Workspace/personal/SumItUp/backend/src/controllers/auth/index.ts","statementMap":{"0":{"start":{"line":10,"column":23},"end":{"line":21,"column":1}}},"fnMap":{},"branchMap":{},"s":{"0":0},"f":{},"b":{},"all":true},"/Users/mayank.narula/Documents/Workspace/personal/SumItUp/backend/src/controllers/pdf/index.ts":{"path":"/Users/mayank.narula/Documents/Workspace/personal/SumItUp/backend/src/controllers/pdf/index.ts","statementMap":{"0":{"start":{"line":3,"column":22},"end":{"line":5,"column":1}}},"fnMap":{},"branchMap":{},"s":{"0":0},"f":{},"b":{},"all":true},"/Users/mayank.narula/Documents/Workspace/personal/SumItUp/backend/src/controllers/summary/index.ts":{"path":"/Users/mayank.narula/Documents/Workspace/personal/SumItUp/backend/src/controllers/summary/index.ts","statementMap":{"0":{"start":{"line":9,"column":26},"end":{"line":17,"column":1}}},"fnMap":{},"branchMap":{},"s":{"0":0},"f":{},"b":{},"all":true},"/Users/mayank.narula/Documents/Workspace/personal/SumItUp/backend/src/services/pdf/generate.js":{"path":"/Users/mayank.narula/Documents/Workspace/personal/SumItUp/backend/src/services/pdf/generate.js","statementMap":{"0":{"start":{"line":1,"column":20},"end":{"line":1,"column":37}},"1":{"start":{"line":2,"column":11},"end":{"line":2,"column":24}},"2":{"start":{"line":7,"column":4},"end":{"line":27,"column":7}},"3":{"start":{"line":8,"column":6},"end":{"line":26,"column":7}},"4":{"start":{"line":9,"column":8},"end":{"line":11,"column":9}},"5":{"start":{"line":10,"column":10},"end":{"line":10,"column":55}},"6":{"start":{"line":12,"column":23},"end":{"line":12,"column":40}},"7":{"start":{"line":13,"column":24},"end":{"line":13,"column":58}},"8":{"start":{"line":16,"column":8},"end":{"line":16,"column":51}},"9":{"start":{"line":17,"column":8},"end":{"line":17,"column":28}},"10":{"start":{"line":18,"column":8},"end":{"line":18,"column":29}},"11":{"start":{"line":21,"column":8},"end":{"line":21,"column":21}},"12":{"start":{"line":23,"column":8},"end":{"line":23,"column":25}},"13":{"start":{"line":25,"column":8},"end":{"line":25,"column":22}},"14":{"start":{"line":31,"column":0},"end":{"line":31,"column":28}}},"fnMap":{"0":{"name":"(anonymous_0)","decl":{"start":{"line":6,"column":2},"end":{"line":6,"column":3}},"loc":{"start":{"line":6,"column":38},"end":{"line":28,"column":3}},"line":6},"1":{"name":"(anonymous_1)","decl":{"start":{"line":7,"column":23},"end":{"line":7,"column":24}},"loc":{"start":{"line":7,"column":44},"end":{"line":27,"column":5}},"line":7}},"branchMap":{"0":{"loc":{"start":{"line":9,"column":8},"end":{"line":11,"column":9}},"type":"if","locations":[{"start":{"line":9,"column":8},"end":{"line":11,"column":9}},{"start":{"line":9,"column":8},"end":{"line":11,"column":9}}],"line":9},"1":{"loc":{"start":{"line":9,"column":12},"end":{"line":9,"column":45}},"type":"binary-expr","locations":[{"start":{"line":9,"column":12},"end":{"line":9,"column":20}},{"start":{"line":9,"column":24},"end":{"line":9,"column":45}}],"line":9}},"s":{"0":0,"1":0,"2":0,"3":0,"4":0,"5":0,"6":0,"7":0,"8":0,"9":0,"10":0,"11":0,"12":0,"13":0,"14":0},"f":{"0":0,"1":0},"b":{"0":[0,0],"1":[0,0]},"all":true},"/Users/mayank.narula/Documents/Workspace/personal/SumItUp/backend/src/utils/audio/index.js":{"path":"/Users/mayank.narula/Documents/Workspace/personal/SumItUp/backend/src/utils/audio/index.js","statementMap":{"0":{"start":{"line":1,"column":27},"end":{"line":1,"column":58}},"1":{"start":{"line":3,"column":0},"end":{"line":5,"column":2}}},"fnMap":{},"branchMap":{},"s":{"0":0,"1":0},"f":{},"b":{},"all":true},"/Users/mayank.narula/Documents/Workspace/personal/SumItUp/backend/src/utils/image/index.js":{"path":"/Users/mayank.narula/Documents/Workspace/personal/SumItUp/backend/src/utils/image/index.js","statementMap":{"0":{"start":{"line":1,"column":27},"end":{"line":1,"column":58}},"1":{"start":{"line":3,"column":0},"end":{"line":5,"column":2}}},"fnMap":{},"branchMap":{},"s":{"0":0,"1":0},"f":{},"b":{},"all":true},"/Users/mayank.narula/Documents/Workspace/personal/SumItUp/backend/src/utils/text/generateSummaryFromText.js":{"path":"/Users/mayank.narula/Documents/Workspace/personal/SumItUp/backend/src/utils/text/generateSummaryFromText.js","statementMap":{"0":{"start":{"line":1,"column":16},"end":{"line":1,"column":34}},"1":{"start":{"line":2,"column":18},"end":{"line":2,"column":46}},"2":{"start":{"line":4,"column":18},"end":{"line":4,"column":45}},"3":{"start":{"line":5,"column":26},"end":{"line":5,"column":57}},"4":{"start":{"line":9,"column":18},"end":{"line":9,"column":69}},"5":{"start":{"line":9,"column":53},"end":{"line":9,"column":68}},"6":{"start":{"line":10,"column":18},"end":{"line":10,"column":69}},"7":{"start":{"line":10,"column":53},"end":{"line":10,"column":68}},"8":{"start":{"line":12,"column":20},"end":{"line":12,"column":53}},"9":{"start":{"line":13,"column":20},"end":{"line":13,"column":77}},"10":{"start":{"line":13,"column":54},"end":{"line":13,"column":76}},"11":{"start":{"line":15,"column":2},"end":{"line":15,"column":39}},"12":{"start":{"line":15,"column":30},"end":{"line":15,"column":39}},"13":{"start":{"line":17,"column":15},"end":{"line":17,"column":62}},"14":{"start":{"line":17,"column":34},"end":{"line":17,"column":61}},"15":{"start":{"line":18,"column":15},"end":{"line":18,"column":62}},"16":{"start":{"line":18,"column":34},"end":{"line":18,"column":61}},"17":{"start":{"line":21,"column":19},"end":{"line":21,"column":20}},"18":{"start":{"line":22,"column":13},"end":{"line":22,"column":14}},"19":{"start":{"line":23,"column":13},"end":{"line":23,"column":14}},"20":{"start":{"line":25,"column":2},"end":{"line":29,"column":3}},"21":{"start":{"line":25,"column":15},"end":{"line":25,"column":16}},"22":{"start":{"line":26,"column":4},"end":{"line":26,"column":36}},"23":{"start":{"line":27,"column":4},"end":{"line":27,"column":30}},"24":{"start":{"line":28,"column":4},"end":{"line":28,"column":30}},"25":{"start":{"line":31,"column":2},"end":{"line":31,"column":41}},"26":{"start":{"line":31,"column":32},"end":{"line":31,"column":41}},"27":{"start":{"line":32,"column":2},"end":{"line":32,"column":58}},"28":{"start":{"line":35,"column":32},"end":{"line":70,"column":1}},"29":{"start":{"line":36,"column":2},"end":{"line":36,"column":23}},"30":{"start":{"line":36,"column":13},"end":{"line":36,"column":23}},"31":{"start":{"line":39,"column":20},"end":{"line":39,"column":52}},"32":{"start":{"line":40,"column":2},"end":{"line":40,"column":41}},"33":{"start":{"line":40,"column":29},"end":{"line":40,"column":41}},"34":{"start":{"line":43,"column":17},"end":{"line":43,"column":52}},"35":{"start":{"line":45,"column":2},"end":{"line":56,"column":3}},"36":{"start":{"line":45,"column":15},"end":{"line":45,"column":16}},"37":{"start":{"line":46,"column":4},"end":{"line":50,"column":5}},"38":{"start":{"line":46,"column":17},"end":{"line":46,"column":18}},"39":{"start":{"line":47,"column":6},"end":{"line":47,"column":28}},"40":{"start":{"line":47,"column":19},"end":{"line":47,"column":28}},"41":{"start":{"line":48,"column":18},"end":{"line":48,"column":64}},"42":{"start":{"line":49,"column":6},"end":{"line":49,"column":23}},"43":{"start":{"line":53,"column":22},"end":{"line":53,"column":48}},"44":{"start":{"line":54,"column":4},"end":{"line":54,"column":94}},"45":{"start":{"line":54,"column":77},"end":{"line":54,"column":94}},"46":{"start":{"line":55,"column":4},"end":{"line":55,"column":95}},"47":{"start":{"line":55,"column":78},"end":{"line":55,"column":95}},"48":{"start":{"line":59,"column":24},"end":{"line":59,"column":72}},"49":{"start":{"line":59,"column":54},"end":{"line":59,"column":70}},"50":{"start":{"line":60,"column":2},"end":{"line":60,"column":50}},"51":{"start":{"line":60,"column":31},"end":{"line":60,"column":48}},"52":{"start":{"line":63,"column":16},"end":{"line":63,"column":76}},"53":{"start":{"line":64,"column":21},"end":{"line":64,"column":74}},"54":{"start":{"line":64,"column":63},"end":{"line":64,"column":73}},"55":{"start":{"line":67,"column":2},"end":{"line":67,"column":35}},"56":{"start":{"line":67,"column":28},"end":{"line":67,"column":33}},"57":{"start":{"line":69,"column":2},"end":{"line":69,"column":53}},"58":{"start":{"line":69,"column":29},"end":{"line":69,"column":41}},"59":{"start":{"line":72,"column":0},"end":{"line":72,"column":41}}},"fnMap":{"0":{"name":"sentenceSimilarity","decl":{"start":{"line":8,"column":9},"end":{"line":8,"column":27}},"loc":{"start":{"line":8,"column":42},"end":{"line":33,"column":1}},"line":8},"1":{"name":"(anonymous_1)","decl":{"start":{"line":9,"column":48},"end":{"line":9,"column":49}},"loc":{"start":{"line":9,"column":53},"end":{"line":9,"column":68}},"line":9},"2":{"name":"(anonymous_2)","decl":{"start":{"line":10,"column":48},"end":{"line":10,"column":49}},"loc":{"start":{"line":10,"column":53},"end":{"line":10,"column":68}},"line":10},"3":{"name":"(anonymous_3)","decl":{"start":{"line":13,"column":49},"end":{"line":13,"column":50}},"loc":{"start":{"line":13,"column":54},"end":{"line":13,"column":76}},"line":13},"4":{"name":"(anonymous_4)","decl":{"start":{"line":17,"column":29},"end":{"line":17,"column":30}},"loc":{"start":{"line":17,"column":34},"end":{"line":17,"column":61}},"line":17},"5":{"name":"(anonymous_5)","decl":{"start":{"line":18,"column":29},"end":{"line":18,"column":30}},"loc":{"start":{"line":18,"column":34},"end":{"line":18,"column":61}},"line":18},"6":{"name":"(anonymous_6)","decl":{"start":{"line":35,"column":32},"end":{"line":35,"column":33}},"loc":{"start":{"line":35,"column":42},"end":{"line":70,"column":1}},"line":35},"7":{"name":"(anonymous_7)","decl":{"start":{"line":59,"column":35},"end":{"line":59,"column":36}},"loc":{"start":{"line":59,"column":54},"end":{"line":59,"column":70}},"line":59},"8":{"name":"(anonymous_8)","decl":{"start":{"line":60,"column":21},"end":{"line":60,"column":22}},"loc":{"start":{"line":60,"column":31},"end":{"line":60,"column":48}},"line":60},"9":{"name":"(anonymous_9)","decl":{"start":{"line":64,"column":55},"end":{"line":64,"column":56}},"loc":{"start":{"line":64,"column":63},"end":{"line":64,"column":73}},"line":64},"10":{"name":"(anonymous_10)","decl":{"start":{"line":67,"column":18},"end":{"line":67,"column":19}},"loc":{"start":{"line":67,"column":28},"end":{"line":67,"column":33}},"line":67},"11":{"name":"(anonymous_11)","decl":{"start":{"line":69,"column":24},"end":{"line":69,"column":25}},"loc":{"start":{"line":69,"column":29},"end":{"line":69,"column":41}},"line":69}},"branchMap":{"0":{"loc":{"start":{"line":15,"column":2},"end":{"line":15,"column":39}},"type":"if","locations":[{"start":{"line":15,"column":2},"end":{"line":15,"column":39}},{"start":{"line":15,"column":2},"end":{"line":15,"column":39}}],"line":15},"1":{"loc":{"start":{"line":17,"column":34},"end":{"line":17,"column":61}},"type":"cond-expr","locations":[{"start":{"line":17,"column":56},"end":{"line":17,"column":57}},{"start":{"line":17,"column":60},"end":{"line":17,"column":61}}],"line":17},"2":{"loc":{"start":{"line":18,"column":34},"end":{"line":18,"column":61}},"type":"cond-expr","locations":[{"start":{"line":18,"column":56},"end":{"line":18,"column":57}},{"start":{"line":18,"column":60},"end":{"line":18,"column":61}}],"line":18},"3":{"loc":{"start":{"line":31,"column":2},"end":{"line":31,"column":41}},"type":"if","locations":[{"start":{"line":31,"column":2},"end":{"line":31,"column":41}},{"start":{"line":31,"column":2},"end":{"line":31,"column":41}}],"line":31},"4":{"loc":{"start":{"line":31,"column":6},"end":{"line":31,"column":30}},"type":"binary-expr","locations":[{"start":{"line":31,"column":6},"end":{"line":31,"column":16}},{"start":{"line":31,"column":20},"end":{"line":31,"column":30}}],"line":31},"5":{"loc":{"start":{"line":36,"column":2},"end":{"line":36,"column":23}},"type":"if","locations":[{"start":{"line":36,"column":2},"end":{"line":36,"column":23}},{"start":{"line":36,"column":2},"end":{"line":36,"column":23}}],"line":36},"6":{"loc":{"start":{"line":40,"column":2},"end":{"line":40,"column":41}},"type":"if","locations":[{"start":{"line":40,"column":2},"end":{"line":40,"column":41}},{"start":{"line":40,"column":2},"end":{"line":40,"column":41}}],"line":40},"7":{"loc":{"start":{"line":47,"column":6},"end":{"line":47,"column":28}},"type":"if","locations":[{"start":{"line":47,"column":6},"end":{"line":47,"column":28}},{"start":{"line":47,"column":6},"end":{"line":47,"column":28}}],"line":47},"8":{"loc":{"start":{"line":54,"column":4},"end":{"line":54,"column":94}},"type":"if","locations":[{"start":{"line":54,"column":4},"end":{"line":54,"column":94}},{"start":{"line":54,"column":4},"end":{"line":54,"column":94}}],"line":54},"9":{"loc":{"start":{"line":54,"column":8},"end":{"line":54,"column":75}},"type":"binary-expr","locations":[{"start":{"line":54,"column":8},"end":{"line":54,"column":43}},{"start":{"line":54,"column":47},"end":{"line":54,"column":75}}],"line":54},"10":{"loc":{"start":{"line":55,"column":4},"end":{"line":55,"column":95}},"type":"if","locations":[{"start":{"line":55,"column":4},"end":{"line":55,"column":95}},{"start":{"line":55,"column":4},"end":{"line":55,"column":95}}],"line":55},"11":{"loc":{"start":{"line":55,"column":8},"end":{"line":55,"column":76}},"type":"binary-expr","locations":[{"start":{"line":55,"column":8},"end":{"line":55,"column":39}},{"start":{"line":55,"column":43},"end":{"line":55,"column":76}}],"line":55}},"s":{"0":0,"1":0,"2":0,"3":0,"4":0,"5":0,"6":0,"7":0,"8":0,"9":0,"10":0,"11":0,"12":0,"13":0,"14":0,"15":0,"16":0,"17":0,"18":0,"19":0,"20":0,"21":0,"22":0,"23":0,"24":0,"25":0,"26":0,"27":0,"28":0,"29":0,"30":0,"31":0,"32":0,"33":0,"34":0,"35":0,"36":0,"37":0,"38":0,"39":0,"40":0,"41":0,"42":0,"43":0,"44":0,"45":0,"46":0,"47":0,"48":0,"49":0,"50":0,"51":0,"52":0,"53":0,"54":0,"55":0,"56":0,"57":0,"58":0,"59":0},"f":{"0":0,"1":0,"2":0,"3":0,"4":0,"5":0,"6":0,"7":0,"8":0,"9":0,"10":0,"11":0},"b":{"0":[0,0],"1":[0,0],"2":[0,0],"3":[0,0],"4":[0,0],"5":[0,0],"6":[0,0],"7":[0,0],"8":[0,0],"9":[0,0],"10":[0,0],"11":[0,0]},"all":true},"/Users/mayank.narula/Documents/Workspace/personal/SumItUp/backend/src/utils/text/index.js":{"path":"/Users/mayank.narula/Documents/Workspace/personal/SumItUp/backend/src/utils/text/index.js","statementMap":{"0":{"start":{"line":1,"column":32},"end":{"line":1,"column":68}},"1":{"start":{"line":3,"column":0},"end":{"line":5,"column":2}}},"fnMap":{},"branchMap":{},"s":{"0":0,"1":0},"f":{},"b":{},"all":true}}