{"/Users/mayank.narula/Documents/Workspace/personal/SumItUp/backend/src/models/User.ts":{"path":"/Users/mayank.narula/Documents/Workspace/personal/SumItUp/backend/src/models/User.ts","statementMap":{"0":{"start":{"line":2,"column":22},"end":{"line":12,"column":3}},"1":{"start":{"line":3,"column":4},"end":{"line":3,"column":33}},"2":{"start":{"line":3,"column":26},"end":{"line":3,"column":33}},"3":{"start":{"line":4,"column":15},"end":{"line":4,"column":52}},"4":{"start":{"line":5,"column":4},"end":{"line":7,"column":5}},"5":{"start":{"line":6,"column":6},"end":{"line":6,"column":68}},"6":{"start":{"line":6,"column":51},"end":{"line":6,"column":63}},"7":{"start":{"line":8,"column":4},"end":{"line":8,"column":39}},"8":{"start":{"line":10,"column":4},"end":{"line":10,"column":33}},"9":{"start":{"line":10,"column":26},"end":{"line":10,"column":33}},"10":{"start":{"line":11,"column":4},"end":{"line":11,"column":17}},"11":{"start":{"line":13,"column":25},"end":{"line":17,"column":2}},"12":{"start":{"line":14,"column":4},"end":{"line":14,"column":72}},"13":{"start":{"line":16,"column":4},"end":{"line":16,"column":21}},"14":{"start":{"line":18,"column":19},"end":{"line":34,"column":4}},"15":{"start":{"line":19,"column":18},"end":{"line":26,"column":5}},"16":{"start":{"line":20,"column":8},"end":{"line":24,"column":10}},"17":{"start":{"line":21,"column":21},"end":{"line":21,"column":23}},"18":{"start":{"line":22,"column":12},"end":{"line":22,"column":95}},"19":{"start":{"line":22,"column":29},"end":{"line":22,"column":95}},"20":{"start":{"line":22,"column":77},"end":{"line":22,"column":95}},"21":{"start":{"line":23,"column":12},"end":{"line":23,"column":22}},"22":{"start":{"line":25,"column":8},"end":{"line":25,"column":26}},"23":{"start":{"line":27,"column":4},"end":{"line":33,"column":6}},"24":{"start":{"line":28,"column":8},"end":{"line":28,"column":46}},"25":{"start":{"line":28,"column":35},"end":{"line":28,"column":46}},"26":{"start":{"line":29,"column":21},"end":{"line":29,"column":23}},"27":{"start":{"line":30,"column":8},"end":{"line":30,"column":137}},"28":{"start":{"line":30,"column":25},"end":{"line":30,"column":137}},"29":{"start":{"line":30,"column":38},"end":{"line":30,"column":50}},"30":{"start":{"line":30,"column":56},"end":{"line":30,"column":57}},"31":{"start":{"line":30,"column":78},"end":{"line":30,"column":137}},"32":{"start":{"line":30,"column":102},"end":{"line":30,"column":137}},"33":{"start":{"line":31,"column":8},"end":{"line":31,"column":40}},"34":{"start":{"line":32,"column":8},"end":{"line":32,"column":22}},"35":{"start":{"line":35,"column":22},"end":{"line":37,"column":1}},"36":{"start":{"line":36,"column":4},"end":{"line":36,"column":62}},"37":{"start":{"line":38,"column":0},"end":{"line":38,"column":62}},"38":{"start":{"line":39,"column":19},"end":{"line":39,"column":52}},"39":{"start":{"line":40,"column":17},"end":{"line":40,"column":51}},"40":{"start":{"line":41,"column":17},"end":{"line":41,"column":51}},"41":{"start":{"line":42,"column":19},"end":{"line":57,"column":2}},"42":{"start":{"line":59,"column":0},"end":{"line":66,"column":3}},"43":{"start":{"line":60,"column":4},"end":{"line":62,"column":5}},"44":{"start":{"line":61,"column":8},"end":{"line":61,"column":22}},"45":{"start":{"line":63,"column":17},"end":{"line":63,"column":51}},"46":{"start":{"line":64,"column":4},"end":{"line":64,"column":69}},"47":{"start":{"line":65,"column":4},"end":{"line":65,"column":11}},"48":{"start":{"line":68,"column":0},"end":{"line":70,"column":2}},"49":{"start":{"line":69,"column":4},"end":{"line":69,"column":70}},"50":{"start":{"line":72,"column":0},"end":{"line":77,"column":2}},"51":{"start":{"line":73,"column":23},"end":{"line":73,"column":71}},"52":{"start":{"line":74,"column":4},"end":{"line":74,"column":33}},"53":{"start":{"line":75,"column":4},"end":{"line":75,"column":59}},"54":{"start":{"line":76,"column":4},"end":{"line":76,"column":22}},"55":{"start":{"line":79,"column":0},"end":{"line":82,"column":2}},"56":{"start":{"line":80,"column":25},"end":{"line":80,"column":113}},"57":{"start":{"line":81,"column":4},"end":{"line":81,"column":26}},"58":{"start":{"line":84,"column":0},"end":{"line":86,"column":2}},"59":{"start":{"line":85,"column":4},"end":{"line":85,"column":60}},"60":{"start":{"line":88,"column":0},"end":{"line":90,"column":2}},"61":{"start":{"line":89,"column":4},"end":{"line":89,"column":51}},"62":{"start":{"line":91,"column":0},"end":{"line":91,"column":63}}},"fnMap":{"0":{"name":"(anonymous_0)","decl":{"start":{"line":2,"column":74},"end":{"line":2,"column":75}},"loc":{"start":{"line":2,"column":96},"end":{"line":9,"column":1}},"line":2},"1":{"name":"(anonymous_1)","decl":{"start":{"line":6,"column":38},"end":{"line":6,"column":39}},"loc":{"start":{"line":6,"column":49},"end":{"line":6,"column":65}},"line":6},"2":{"name":"(anonymous_2)","decl":{"start":{"line":9,"column":6},"end":{"line":9,"column":7}},"loc":{"start":{"line":9,"column":28},"end":{"line":12,"column":1}},"line":9},"3":{"name":"(anonymous_3)","decl":{"start":{"line":13,"column":80},"end":{"line":13,"column":81}},"loc":{"start":{"line":13,"column":95},"end":{"line":15,"column":1}},"line":13},"4":{"name":"(anonymous_4)","decl":{"start":{"line":15,"column":5},"end":{"line":15,"column":6}},"loc":{"start":{"line":15,"column":20},"end":{"line":17,"column":1}},"line":15},"5":{"name":"(anonymous_5)","decl":{"start":{"line":18,"column":51},"end":{"line":18,"column":52}},"loc":{"start":{"line":18,"column":63},"end":{"line":34,"column":1}},"line":18},"6":{"name":"(anonymous_6)","decl":{"start":{"line":19,"column":18},"end":{"line":19,"column":19}},"loc":{"start":{"line":19,"column":30},"end":{"line":26,"column":5}},"line":19},"7":{"name":"(anonymous_7)","decl":{"start":{"line":20,"column":48},"end":{"line":20,"column":49}},"loc":{"start":{"line":20,"column":61},"end":{"line":24,"column":9}},"line":20},"8":{"name":"(anonymous_8)","decl":{"start":{"line":27,"column":11},"end":{"line":27,"column":12}},"loc":{"start":{"line":27,"column":26},"end":{"line":33,"column":5}},"line":27},"9":{"name":"(anonymous_9)","decl":{"start":{"line":35,"column":56},"end":{"line":35,"column":57}},"loc":{"start":{"line":35,"column":71},"end":{"line":37,"column":1}},"line":35},"10":{"name":"(anonymous_10)","decl":{"start":{"line":59,"column":23},"end":{"line":59,"column":24}},"loc":{"start":{"line":59,"column":45},"end":{"line":66,"column":1}},"line":59},"11":{"name":"(anonymous_11)","decl":{"start":{"line":68,"column":37},"end":{"line":68,"column":38}},"loc":{"start":{"line":68,"column":72},"end":{"line":70,"column":1}},"line":68},"12":{"name":"(anonymous_12)","decl":{"start":{"line":72,"column":40},"end":{"line":72,"column":41}},"loc":{"start":{"line":72,"column":52},"end":{"line":77,"column":1}},"line":72},"13":{"name":"(anonymous_13)","decl":{"start":{"line":79,"column":40},"end":{"line":79,"column":41}},"loc":{"start":{"line":79,"column":57},"end":{"line":82,"column":1}},"line":79},"14":{"name":"(anonymous_14)","decl":{"start":{"line":84,"column":47},"end":{"line":84,"column":48}},"loc":{"start":{"line":84,"column":59},"end":{"line":86,"column":1}},"line":84},"15":{"name":"(anonymous_15)","decl":{"start":{"line":88,"column":33},"end":{"line":88,"column":34}},"loc":{"start":{"line":88,"column":50},"end":{"line":90,"column":1}},"line":88}},"branchMap":{"0":{"loc":{"start":{"line":2,"column":22},"end":{"line":12,"column":3}},"type":"binary-expr","locations":[{"start":{"line":2,"column":23},"end":{"line":2,"column":27}},{"start":{"line":2,"column":31},"end":{"line":2,"column":51}},{"start":{"line":2,"column":57},"end":{"line":12,"column":2}}],"line":2},"1":{"loc":{"start":{"line":2,"column":57},"end":{"line":12,"column":2}},"type":"cond-expr","locations":[{"start":{"line":2,"column":74},"end":{"line":9,"column":1}},{"start":{"line":9,"column":6},"end":{"line":12,"column":1}}],"line":2},"2":{"loc":{"start":{"line":3,"column":4},"end":{"line":3,"column":33}},"type":"if","locations":[{"start":{"line":3,"column":4},"end":{"line":3,"column":33}},{"start":{"line":3,"column":4},"end":{"line":3,"column":33}}],"line":3},"3":{"loc":{"start":{"line":5,"column":4},"end":{"line":7,"column":5}},"type":"if","locations":[{"start":{"line":5,"column":4},"end":{"line":7,"column":5}},{"start":{"line":5,"column":4},"end":{"line":7,"column":5}}],"line":5},"4":{"loc":{"start":{"line":5,"column":8},"end":{"line":5,"column":85}},"type":"binary-expr","locations":[{"start":{"line":5,"column":8},"end":{"line":5,"column":13}},{"start":{"line":5,"column":18},"end":{"line":5,"column":84}}],"line":5},"5":{"loc":{"start":{"line":5,"column":18},"end":{"line":5,"column":84}},"type":"cond-expr","locations":[{"start":{"line":5,"column":34},"end":{"line":5,"column":47}},{"start":{"line":5,"column":50},"end":{"line":5,"column":84}}],"line":5},"6":{"loc":{"start":{"line":5,"column":50},"end":{"line":5,"column":84}},"type":"binary-expr","locations":[{"start":{"line":5,"column":50},"end":{"line":5,"column":63}},{"start":{"line":5,"column":67},"end":{"line":5,"column":84}}],"line":5},"7":{"loc":{"start":{"line":10,"column":4},"end":{"line":10,"column":33}},"type":"if","locations":[{"start":{"line":10,"column":4},"end":{"line":10,"column":33}},{"start":{"line":10,"column":4},"end":{"line":10,"column":33}}],"line":10},"8":{"loc":{"start":{"line":13,"column":25},"end":{"line":17,"column":2}},"type":"binary-expr","locations":[{"start":{"line":13,"column":26},"end":{"line":13,"column":30}},{"start":{"line":13,"column":34},"end":{"line":13,"column":57}},{"start":{"line":13,"column":63},"end":{"line":17,"column":1}}],"line":13},"9":{"loc":{"start":{"line":13,"column":63},"end":{"line":17,"column":1}},"type":"cond-expr","locations":[{"start":{"line":13,"column":80},"end":{"line":15,"column":1}},{"start":{"line":15,"column":5},"end":{"line":17,"column":1}}],"line":13},"10":{"loc":{"start":{"line":18,"column":19},"end":{"line":34,"column":4}},"type":"binary-expr","locations":[{"start":{"line":18,"column":20},"end":{"line":18,"column":24}},{"start":{"line":18,"column":28},"end":{"line":18,"column":45}},{"start":{"line":18,"column":50},"end":{"line":34,"column":4}}],"line":18},"11":{"loc":{"start":{"line":20,"column":18},"end":{"line":24,"column":9}},"type":"binary-expr","locations":[{"start":{"line":20,"column":18},"end":{"line":20,"column":44}},{"start":{"line":20,"column":48},"end":{"line":24,"column":9}}],"line":20},"12":{"loc":{"start":{"line":22,"column":29},"end":{"line":22,"column":95}},"type":"if","locations":[{"start":{"line":22,"column":29},"end":{"line":22,"column":95}},{"start":{"line":22,"column":29},"end":{"line":22,"column":95}}],"line":22},"13":{"loc":{"start":{"line":28,"column":8},"end":{"line":28,"column":46}},"type":"if","locations":[{"start":{"line":28,"column":8},"end":{"line":28,"column":46}},{"start":{"line":28,"column":8},"end":{"line":28,"column":46}}],"line":28},"14":{"loc":{"start":{"line":28,"column":12},"end":{"line":28,"column":33}},"type":"binary-expr","locations":[{"start":{"line":28,"column":12},"end":{"line":28,"column":15}},{"start":{"line":28,"column":19},"end":{"line":28,"column":33}}],"line":28},"15":{"loc":{"start":{"line":30,"column":8},"end":{"line":30,"column":137}},"type":"if","locations":[{"start":{"line":30,"column":8},"end":{"line":30,"column":137}},{"start":{"line":30,"column":8},"end":{"line":30,"column":137}}],"line":30},"16":{"loc":{"start":{"line":30,"column":78},"end":{"line":30,"column":137}},"type":"if","locations":[{"start":{"line":30,"column":78},"end":{"line":30,"column":137}},{"start":{"line":30,"column":78},"end":{"line":30,"column":137}}],"line":30},"17":{"loc":{"start":{"line":35,"column":22},"end":{"line":37,"column":1}},"type":"binary-expr","locations":[{"start":{"line":35,"column":23},"end":{"line":35,"column":27}},{"start":{"line":35,"column":31},"end":{"line":35,"column":51}},{"start":{"line":35,"column":56},"end":{"line":37,"column":1}}],"line":35},"18":{"loc":{"start":{"line":36,"column":11},"end":{"line":36,"column":61}},"type":"cond-expr","locations":[{"start":{"line":36,"column":37},"end":{"line":36,"column":40}},{"start":{"line":36,"column":43},"end":{"line":36,"column":61}}],"line":36},"19":{"loc":{"start":{"line":36,"column":12},"end":{"line":36,"column":33}},"type":"binary-expr","locations":[{"start":{"line":36,"column":12},"end":{"line":36,"column":15}},{"start":{"line":36,"column":19},"end":{"line":36,"column":33}}],"line":36},"20":{"loc":{"start":{"line":60,"column":4},"end":{"line":62,"column":5}},"type":"if","locations":[{"start":{"line":60,"column":4},"end":{"line":62,"column":5}},{"start":{"line":60,"column":4},"end":{"line":62,"column":5}}],"line":60},"21":{"loc":{"start":{"line":80,"column":25},"end":{"line":80,"column":113}},"type":"binary-expr","locations":[{"start":{"line":80,"column":25},"end":{"line":80,"column":50}},{"start":{"line":80,"column":54},"end":{"line":80,"column":75}},{"start":{"line":80,"column":79},"end":{"line":80,"column":113}}],"line":80}},"s":{"0":1,"1":9,"2":9,"3":9,"4":9,"5":8,"6":1,"7":9,"8":0,"9":0,"10":0,"11":1,"12":1,"13":0,"14":1,"15":1,"16":1,"17":0,"18":0,"19":0,"20":0,"21":0,"22":1,"23":1,"24":1,"25":0,"26":1,"27":1,"28":1,"29":1,"30":1,"31":9,"32":9,"33":1,"34":1,"35":1,"36":2,"37":1,"38":1,"39":1,"40":1,"41":1,"42":1,"43":0,"44":0,"45":0,"46":0,"47":0,"48":1,"49":0,"50":1,"51":0,"52":0,"53":0,"54":0,"55":1,"56":0,"57":0,"58":1,"59":0,"60":1,"61":0,"62":1},"f":{"0":9,"1":1,"2":0,"3":1,"4":0,"5":1,"6":1,"7":0,"8":1,"9":2,"10":0,"11":0,"12":0,"13":0,"14":0,"15":0},"b":{"0":[1,1,1],"1":[1,0],"2":[9,0],"3":[8,1],"4":[9,9],"5":[0,9],"6":[9,1],"7":[0,0],"8":[1,1,1],"9":[1,0],"10":[1,1,1],"11":[1,0],"12":[0,0],"13":[0,1],"14":[1,1],"15":[1,0],"16":[9,0],"17":[1,1,1],"18":[0,2],"19":[2,2],"20":[0,0],"21":[0,0,0]},"inputSourceMap":{"version":3,"file":"/Users/mayank.narula/Documents/Workspace/personal/SumItUp/backend/src/models/User.ts","sources":["/Users/mayank.narula/Documents/Workspace/personal/SumItUp/backend/src/models/User.ts"],"names":[],"mappings":";;;;;;;;;;;;;;;;;;;;;;;;;;;;;;;;;;;;;;AAAA,qDAA6D;AAC7D,oDAA4B;AAC5B,oDAA4B;AAsB5B,MAAM,UAAU,GAAG,IAAI,iBAAM,CAAQ;IACnC,QAAQ,EAAE,EAAE,IAAI,EAAE,MAAM,EAAE,QAAQ,EAAE,IAAI,EAAE;IAC1C,QAAQ,EAAE,EAAE,IAAI,EAAE,MAAM,EAAE,QAAQ,EAAE,IAAI,EAAE;IAC1C,KAAK,EAAE;QACL,IAAI,EAAE,MAAM;QACZ,QAAQ,EAAE,IAAI;QACd,MAAM,EAAE,IAAI;QACZ,KAAK,EAAE,CAAC,WAAW,EAAE,oCAAoC,CAAC;KAC3D;IACD,MAAM,EAAE,EAAE,IAAI,EAAE,MAAM,EAAE,OAAO,EAAE,CAAC,EAAE;IACpC,UAAU,EAAE,EAAE,IAAI,EAAE,OAAO,EAAE,OAAO,EAAE,IAAI,EAAE;IAC5C,UAAU,EAAE,EAAE,IAAI,EAAE,MAAM,EAAE,EAAE,mCAAmC;IACjE,gBAAgB,EAAE,EAAE,IAAI,EAAE,IAAI,EAAE,EAAE,4BAA4B;IAC9D,iBAAiB,EAAE,EAAE,IAAI,EAAE,MAAM,EAAE,EAAE,yBAAyB;IAC9D,QAAQ,EAAE,EAAE,IAAI,EAAE,OAAO,EAAE,OAAO,EAAE,KAAK,EAAE,EAAE,oBAAoB;CAClE,CAAC,CAAC;AAEH,kCAAkC;AAClC,UAAU,CAAC,GAAG,CAAQ,MAAM,EAAE,KAAK,WAAW,IAAI;IAChD,IAAI,CAAC,IAAI,CAAC,UAAU,CAAC,UAAU,CAAC,EAAE,CAAC;QACjC,OAAO,IAAI,EAAE,CAAC;IAChB,CAAC;IACD,MAAM,IAAI,GAAG,MAAM,gBAAM,CAAC,OAAO,CAAC,EAAE,CAAC,CAAC;IACtC,IAAI,CAAC,QAAQ,GAAG,MAAM,gBAAM,CAAC,IAAI,CAAC,IAAI,CAAC,QAAQ,EAAE,IAAI,CAAC,CAAC;IACvD,IAAI,EAAE,CAAC;AACT,CAAC,CAAC,CAAC;AAEH,0BAA0B;AAC1B,UAAU,CAAC,OAAO,CAAC,eAAe,GAAG,KAAK,WAAW,iBAAyB;IAC5E,OAAO,gBAAM,CAAC,OAAO,CAAC,iBAAiB,EAAE,IAAI,CAAC,QAAQ,CAAC,CAAC;AAC1D,CAAC,CAAC;AAEF,6CAA6C;AAC7C,UAAU,CAAC,OAAO,CAAC,kBAAkB,GAAG;IACtC,MAAM,UAAU,GAAG,gBAAM,CAAC,WAAW,CAAC,EAAE,CAAC,CAAC,QAAQ,CAAC,KAAK,CAAC,CAAC;IAC1D,IAAI,CAAC,UAAU,GAAG,UAAU,CAAC;IAC7B,IAAI,CAAC,gBAAgB,GAAG,IAAI,IAAI,CAAC,IAAI,CAAC,GAAG,EAAE,GAAG,OAAO,CAAC,CAAC,CAAC,gBAAgB;IACxE,OAAO,UAAU,CAAC;AACpB,CAAC,CAAC;AAEF,uBAAuB;AACvB,UAAU,CAAC,OAAO,CAAC,kBAAkB,GAAG,UAAU,KAAa;IAC7D,MAAM,YAAY,GAChB,IAAI,CAAC,UAAU,KAAK,KAAK,IAAI,IAAI,CAAC,gBAAgB,IAAI,IAAI,CAAC,gBAAgB,GAAG,IAAI,IAAI,EAAE,CAAC;IAC3F,OAAO,CAAC,CAAC,YAAY,CAAC;AACxB,CAAC,CAAC;AAEF,oCAAoC;AACpC,UAAU,CAAC,OAAO,CAAC,yBAAyB,GAAG;IAC7C,OAAO,gBAAM,CAAC,WAAW,CAAC,EAAE,CAAC,CAAC,QAAQ,CAAC,KAAK,CAAC,CAAC;AAChD,CAAC,CAAC;AAEF,iCAAiC;AACjC,UAAU,CAAC,OAAO,CAAC,WAAW,GAAG,UAAU,KAAa;IACtD,OAAO,IAAI,CAAC,OAAO,CAAC,EAAE,KAAK,EAAE,EAAE,GAAG,EAAE,KAAK,EAAE,EAAE,CAAC,CAAC;AACjD,CAAC,CAAC;AAEF,kBAAe,kBAAQ,CAAC,KAAK,CAAoB,MAAM,EAAE,UAAU,CAAC,CAAC","sourcesContent":["import mongoose, { Document, Schema, Model } from \"mongoose\";\nimport bcrypt from \"bcrypt\";\nimport crypto from \"crypto\";\n\nexport interface IUser extends Document {\n  username: string;\n  password: string;\n  email: string;\n  tokens: number;\n  adEligible: boolean;\n  resetToken?: string;\n  resetTokenExpiry?: Date;\n  verificationToken?: string;\n  verified: boolean;\n  comparePassword(candidatePassword: string): Promise<boolean>;\n  generateResetToken(): string;\n  validateResetToken(token: string): boolean;\n  generateVerificationToken(): string;\n}\n\nexport interface IUserModel extends Model<IUser> {\n  findByEmail(email: string): Promise<IUser | null>;\n}\n\nconst userSchema = new Schema<IUser>({\n  username: { type: String, required: true },\n  password: { type: String, required: true },\n  email: {\n    type: String,\n    required: true,\n    unique: true,\n    match: [/.+@.+\\..+/, \"Please enter a valid email address\"],\n  },\n  tokens: { type: Number, default: 0 },\n  adEligible: { type: Boolean, default: true },\n  resetToken: { type: String }, // For password reset functionality\n  resetTokenExpiry: { type: Date }, // Expiry of the reset token\n  verificationToken: { type: String }, // For email verification\n  verified: { type: Boolean, default: false }, // is email verified\n});\n\n// Hash the password before saving\nuserSchema.pre<IUser>(\"save\", async function (next) {\n  if (!this.isModified(\"password\")) {\n    return next();\n  }\n  const salt = await bcrypt.genSalt(10);\n  this.password = await bcrypt.hash(this.password, salt);\n  next();\n});\n\n// Compare password method\nuserSchema.methods.comparePassword = async function (candidatePassword: string): Promise<boolean> {\n  return bcrypt.compare(candidatePassword, this.password);\n};\n\n// Generate a reset token and set expiry date\nuserSchema.methods.generateResetToken = function (): string {\n  const resetToken = crypto.randomBytes(32).toString(\"hex\");\n  this.resetToken = resetToken;\n  this.resetTokenExpiry = new Date(Date.now() + 3600000); // 1 hour expiry\n  return resetToken;\n};\n\n// Validate reset token\nuserSchema.methods.validateResetToken = function (token: string): boolean {\n  const isTokenValid =\n    this.resetToken === token && this.resetTokenExpiry && this.resetTokenExpiry > new Date();\n  return !!isTokenValid;\n};\n\n// Generate Email verification token\nuserSchema.methods.generateVerificationToken = function (): string {\n  return crypto.randomBytes(32).toString(\"hex\");\n};\n\n// Static method to find by email\nuserSchema.statics.findByEmail = function (email: string): Promise<IUser | null> {\n  return this.findOne({ email: { $eq: email } });\n};\n\nexport default mongoose.model<IUser, IUserModel>(\"User\", userSchema);\n"]},"_coverageSchema":"1a1c01bbd47fc00a2c39e90264f33305004495a9","hash":"e200f61fad8ee44abdcb977a9674dc5ce9a56b3e","contentHash":"90a00f1c585dc23069a7ddd1505214e0e91d67edd5fa06c79c71435a41ee3d4d"},"/Users/mayank.narula/Documents/Workspace/personal/SumItUp/backend/src/controllers/ad/index.ts":{"path":"/Users/mayank.narula/Documents/Workspace/personal/SumItUp/backend/src/controllers/ad/index.ts","statementMap":{"0":{"start":{"line":2,"column":0},"end":{"line":2,"column":62}},"1":{"start":{"line":3,"column":29},"end":{"line":3,"column":60}},"2":{"start":{"line":4,"column":21},"end":{"line":6,"column":1}},"3":{"start":{"line":7,"column":0},"end":{"line":7,"column":31}}},"fnMap":{},"branchMap":{},"s":{"0":1,"1":1,"2":1,"3":1},"f":{},"b":{},"inputSourceMap":{"version":3,"file":"/Users/mayank.narula/Documents/Workspace/personal/SumItUp/backend/src/controllers/ad/index.ts","sources":["/Users/mayank.narula/Documents/Workspace/personal/SumItUp/backend/src/controllers/ad/index.ts"],"names":[],"mappings":";;AAAA,6DAA0D;AAE1D,MAAM,YAAY,GAAG;IACnB,kBAAkB,EAAlB,uCAAkB;CACnB,CAAC;AAEF,kBAAe,YAAY,CAAC","sourcesContent":["import { checkAdEligibility } from \"./checkAdEligibility\";\n\nconst adController = {\n  checkAdEligibility,\n};\n\nexport default adController;\n"]},"_coverageSchema":"1a1c01bbd47fc00a2c39e90264f33305004495a9","hash":"fe2f55ff7f5ef61e29637b8900368ee03910c0ab","contentHash":"57e76c228320a908b7e16530e2529ffab5eec83cc91cc11e6ed7e85e7607cb61"},"/Users/mayank.narula/Documents/Workspace/personal/SumItUp/backend/src/controllers/ad/checkAdEligibility.ts":{"path":"/Users/mayank.narula/Documents/Workspace/personal/SumItUp/backend/src/controllers/ad/checkAdEligibility.ts","statementMap":{"0":{"start":{"line":2,"column":22},"end":{"line":4,"column":1}},"1":{"start":{"line":3,"column":4},"end":{"line":3,"column":62}},"2":{"start":{"line":5,"column":0},"end":{"line":5,"column":62}},"3":{"start":{"line":6,"column":0},"end":{"line":6,"column":48}},"4":{"start":{"line":7,"column":16},"end":{"line":7,"column":55}},"5":{"start":{"line":8,"column":15},"end":{"line":8,"column":60}},"6":{"start":{"line":10,"column":4},"end":{"line":31,"column":5}},"7":{"start":{"line":11,"column":23},"end":{"line":11,"column":31}},"8":{"start":{"line":13,"column":25},"end":{"line":13,"column":67}},"9":{"start":{"line":14,"column":8},"end":{"line":24,"column":9}},"10":{"start":{"line":16,"column":25},"end":{"line":16,"column":58}},"11":{"start":{"line":17,"column":12},"end":{"line":20,"column":13}},"12":{"start":{"line":18,"column":16},"end":{"line":18,"column":66}},"13":{"start":{"line":19,"column":16},"end":{"line":19,"column":23}},"14":{"start":{"line":22,"column":12},"end":{"line":22,"column":41}},"15":{"start":{"line":23,"column":12},"end":{"line":23,"column":67}},"16":{"start":{"line":26,"column":8},"end":{"line":26,"column":55}},"17":{"start":{"line":29,"column":8},"end":{"line":29,"column":63}},"18":{"start":{"line":30,"column":8},"end":{"line":30,"column":74}}},"fnMap":{"0":{"name":"(anonymous_0)","decl":{"start":{"line":2,"column":56},"end":{"line":2,"column":57}},"loc":{"start":{"line":2,"column":71},"end":{"line":4,"column":1}},"line":2},"1":{"name":"checkAdEligibility","decl":{"start":{"line":9,"column":15},"end":{"line":9,"column":33}},"loc":{"start":{"line":9,"column":44},"end":{"line":32,"column":1}},"line":9}},"branchMap":{"0":{"loc":{"start":{"line":2,"column":22},"end":{"line":4,"column":1}},"type":"binary-expr","locations":[{"start":{"line":2,"column":23},"end":{"line":2,"column":27}},{"start":{"line":2,"column":31},"end":{"line":2,"column":51}},{"start":{"line":2,"column":56},"end":{"line":4,"column":1}}],"line":2},"1":{"loc":{"start":{"line":3,"column":11},"end":{"line":3,"column":61}},"type":"cond-expr","locations":[{"start":{"line":3,"column":37},"end":{"line":3,"column":40}},{"start":{"line":3,"column":43},"end":{"line":3,"column":61}}],"line":3},"2":{"loc":{"start":{"line":3,"column":12},"end":{"line":3,"column":33}},"type":"binary-expr","locations":[{"start":{"line":3,"column":12},"end":{"line":3,"column":15}},{"start":{"line":3,"column":19},"end":{"line":3,"column":33}}],"line":3},"3":{"loc":{"start":{"line":14,"column":8},"end":{"line":24,"column":9}},"type":"if","locations":[{"start":{"line":14,"column":8},"end":{"line":24,"column":9}},{"start":{"line":14,"column":8},"end":{"line":24,"column":9}}],"line":14},"4":{"loc":{"start":{"line":17,"column":12},"end":{"line":20,"column":13}},"type":"if","locations":[{"start":{"line":17,"column":12},"end":{"line":20,"column":13}},{"start":{"line":17,"column":12},"end":{"line":20,"column":13}}],"line":17}},"s":{"0":1,"1":2,"2":1,"3":1,"4":1,"5":1,"6":4,"7":4,"8":4,"9":4,"10":4,"11":3,"12":1,"13":1,"14":2,"15":2,"16":2,"17":1,"18":1},"f":{"0":2,"1":4},"b":{"0":[1,1,1],"1":[2,0],"2":[2,2],"3":[4,0],"4":[1,2]},"inputSourceMap":{"version":3,"file":"/Users/mayank.narula/Documents/Workspace/personal/SumItUp/backend/src/controllers/ad/checkAdEligibility.ts","sources":["/Users/mayank.narula/Documents/Workspace/personal/SumItUp/backend/src/controllers/ad/checkAdEligibility.ts"],"names":[],"mappings":";;;;;AAKA,gDA4BC;AAjCD,wDAAgC;AAChC,6DAAqC;AAI9B,KAAK,UAAU,kBAAkB,CACtC,GAAyB,EACzB,GAAa;IAEb,IAAI,CAAC;QACH,MAAM,EAAE,EAAE,EAAE,GAAG,GAAG,CAAC,IAAI,CAAC,CAAC,qCAAqC;QAE9D,wBAAwB;QACxB,IAAI,UAAU,GAAG,eAAK,CAAC,GAAG,CAAC,iBAAiB,EAAE,EAAE,CAAC,CAAC;QAClD,IAAI,CAAC,UAAU,EAAE,CAAC;YAChB,yCAAyC;YACzC,MAAM,IAAI,GAAG,MAAM,cAAI,CAAC,QAAQ,CAAC,EAAE,CAAC,CAAC;YACrC,IAAI,CAAC,IAAI,EAAE,CAAC;gBACV,GAAG,CAAC,MAAM,CAAC,GAAG,CAAC,CAAC,IAAI,CAAC,EAAE,KAAK,EAAE,gBAAgB,EAAE,CAAC,CAAC;gBAClD,OAAO;YACT,CAAC;YAED,+BAA+B;YAC/B,UAAU,GAAG,IAAI,CAAC,UAAU,CAAC;YAC7B,eAAK,CAAC,GAAG,CAAC,iBAAiB,EAAE,EAAE,EAAE,UAAU,CAAC,CAAC;QAC/C,CAAC;QAED,0DAA0D;QAC1D,GAAG,CAAC,MAAM,CAAC,GAAG,CAAC,CAAC,IAAI,CAAC,EAAE,QAAQ,EAAE,UAAU,EAAE,CAAC,CAAC;IACjD,CAAC;IAAC,OAAO,KAAK,EAAE,CAAC;QACf,OAAO,CAAC,KAAK,CAAC,gCAAgC,EAAE,KAAK,CAAC,CAAC;QACvD,GAAG,CAAC,MAAM,CAAC,GAAG,CAAC,CAAC,IAAI,CAAC,EAAE,KAAK,EAAE,gCAAgC,EAAE,CAAC,CAAC;IACpE,CAAC;AACH,CAAC","sourcesContent":["import cache from \"../../cache\";\nimport User from \"../../models/User\";\nimport { Response } from \"express\";\nimport { AuthenticatedRequest } from \"../../types\";\n\nexport async function checkAdEligibility(\n  req: AuthenticatedRequest,\n  res: Response\n): Promise<void> {\n  try {\n    const { id } = req.user; // Extract id from authenticated user\n\n    // Check the cache first\n    let cachedData = cache.get(`adEligibility:${id}`);\n    if (!cachedData) {\n      // If not cached, fetch from the database\n      const user = await User.findById(id);\n      if (!user) {\n        res.status(404).json({ error: \"User not found\" });\n        return;\n      }\n\n      // Cache the eligibility status\n      cachedData = user.adEligible;\n      cache.set(`adEligibility:${id}`, cachedData);\n    }\n\n    // Respond with the cached or retrieved eligibility status\n    res.status(200).json({ eligible: cachedData });\n  } catch (error) {\n    console.error(\"Error checking ad eligibility:\", error);\n    res.status(500).json({ error: \"Failed to check ad eligibility\" });\n  }\n}\n"]},"_coverageSchema":"1a1c01bbd47fc00a2c39e90264f33305004495a9","hash":"e74dab3ba703b1e53934c63091483f3c70d8875a","contentHash":"404e3dfeb8daaac01fa3f2a6e4ba899cd8c0fc5df7fb6b5574b34135a8febc5a"},"/Users/mayank.narula/Documents/Workspace/personal/SumItUp/backend/src/cache/index.ts":{"path":"/Users/mayank.narula/Documents/Workspace/personal/SumItUp/backend/src/cache/index.ts","statementMap":{"0":{"start":{"line":2,"column":22},"end":{"line":4,"column":1}},"1":{"start":{"line":3,"column":4},"end":{"line":3,"column":62}},"2":{"start":{"line":5,"column":0},"end":{"line":5,"column":62}},"3":{"start":{"line":6,"column":21},"end":{"line":6,"column":59}},"4":{"start":{"line":10,"column":8},"end":{"line":14,"column":11}},"5":{"start":{"line":18,"column":8},"end":{"line":18,"column":35}},"6":{"start":{"line":22,"column":8},"end":{"line":22,"column":52}},"7":{"start":{"line":26,"column":8},"end":{"line":26,"column":35}},"8":{"start":{"line":30,"column":8},"end":{"line":30,"column":35}},"9":{"start":{"line":34,"column":8},"end":{"line":34,"column":37}},"10":{"start":{"line":38,"column":8},"end":{"line":38,"column":30}},"11":{"start":{"line":42,"column":8},"end":{"line":42,"column":33}},"12":{"start":{"line":46,"column":8},"end":{"line":46,"column":38}},"13":{"start":{"line":50,"column":8},"end":{"line":50,"column":40}},"14":{"start":{"line":54,"column":23},"end":{"line":54,"column":36}},"15":{"start":{"line":55,"column":8},"end":{"line":57,"column":9}},"16":{"start":{"line":56,"column":12},"end":{"line":56,"column":26}},"17":{"start":{"line":58,"column":22},"end":{"line":58,"column":43}},"18":{"start":{"line":59,"column":8},"end":{"line":59,"column":43}},"19":{"start":{"line":60,"column":8},"end":{"line":60,"column":21}},"20":{"start":{"line":64,"column":8},"end":{"line":73,"column":11}},"21":{"start":{"line":65,"column":24},"end":{"line":65,"column":45}},"22":{"start":{"line":66,"column":27},"end":{"line":66,"column":40}},"23":{"start":{"line":67,"column":12},"end":{"line":69,"column":13}},"24":{"start":{"line":68,"column":16},"end":{"line":68,"column":30}},"25":{"start":{"line":70,"column":27},"end":{"line":70,"column":44}},"26":{"start":{"line":71,"column":12},"end":{"line":71,"column":39}},"27":{"start":{"line":72,"column":12},"end":{"line":72,"column":26}},"28":{"start":{"line":76,"column":21},"end":{"line":76,"column":39}},"29":{"start":{"line":77,"column":0},"end":{"line":77,"column":31}}},"fnMap":{"0":{"name":"(anonymous_0)","decl":{"start":{"line":2,"column":56},"end":{"line":2,"column":57}},"loc":{"start":{"line":2,"column":71},"end":{"line":4,"column":1}},"line":2},"1":{"name":"(anonymous_1)","decl":{"start":{"line":8,"column":4},"end":{"line":8,"column":5}},"loc":{"start":{"line":8,"column":18},"end":{"line":15,"column":5}},"line":8},"2":{"name":"(anonymous_2)","decl":{"start":{"line":17,"column":4},"end":{"line":17,"column":5}},"loc":{"start":{"line":17,"column":13},"end":{"line":19,"column":5}},"line":17},"3":{"name":"(anonymous_3)","decl":{"start":{"line":21,"column":4},"end":{"line":21,"column":5}},"loc":{"start":{"line":21,"column":25},"end":{"line":23,"column":5}},"line":21},"4":{"name":"(anonymous_4)","decl":{"start":{"line":25,"column":4},"end":{"line":25,"column":5}},"loc":{"start":{"line":25,"column":13},"end":{"line":27,"column":5}},"line":25},"5":{"name":"(anonymous_5)","decl":{"start":{"line":29,"column":4},"end":{"line":29,"column":5}},"loc":{"start":{"line":29,"column":13},"end":{"line":31,"column":5}},"line":29},"6":{"name":"(anonymous_6)","decl":{"start":{"line":33,"column":4},"end":{"line":33,"column":5}},"loc":{"start":{"line":33,"column":15},"end":{"line":35,"column":5}},"line":33},"7":{"name":"(anonymous_7)","decl":{"start":{"line":37,"column":4},"end":{"line":37,"column":5}},"loc":{"start":{"line":37,"column":15},"end":{"line":39,"column":5}},"line":37},"8":{"name":"(anonymous_8)","decl":{"start":{"line":41,"column":4},"end":{"line":41,"column":5}},"loc":{"start":{"line":41,"column":11},"end":{"line":43,"column":5}},"line":41},"9":{"name":"(anonymous_9)","decl":{"start":{"line":45,"column":4},"end":{"line":45,"column":5}},"loc":{"start":{"line":45,"column":16},"end":{"line":47,"column":5}},"line":45},"10":{"name":"(anonymous_10)","decl":{"start":{"line":49,"column":4},"end":{"line":49,"column":5}},"loc":{"start":{"line":49,"column":18},"end":{"line":51,"column":5}},"line":49},"11":{"name":"(anonymous_11)","decl":{"start":{"line":53,"column":4},"end":{"line":53,"column":5}},"loc":{"start":{"line":53,"column":48},"end":{"line":61,"column":5}},"line":53},"12":{"name":"(anonymous_12)","decl":{"start":{"line":63,"column":4},"end":{"line":63,"column":5}},"loc":{"start":{"line":63,"column":35},"end":{"line":74,"column":5}},"line":63},"13":{"name":"(anonymous_13)","decl":{"start":{"line":64,"column":16},"end":{"line":64,"column":17}},"loc":{"start":{"line":64,"column":35},"end":{"line":73,"column":9}},"line":64}},"branchMap":{"0":{"loc":{"start":{"line":2,"column":22},"end":{"line":4,"column":1}},"type":"binary-expr","locations":[{"start":{"line":2,"column":23},"end":{"line":2,"column":27}},{"start":{"line":2,"column":31},"end":{"line":2,"column":51}},{"start":{"line":2,"column":56},"end":{"line":4,"column":1}}],"line":2},"1":{"loc":{"start":{"line":3,"column":11},"end":{"line":3,"column":61}},"type":"cond-expr","locations":[{"start":{"line":3,"column":37},"end":{"line":3,"column":40}},{"start":{"line":3,"column":43},"end":{"line":3,"column":61}}],"line":3},"2":{"loc":{"start":{"line":3,"column":12},"end":{"line":3,"column":33}},"type":"binary-expr","locations":[{"start":{"line":3,"column":12},"end":{"line":3,"column":15}},{"start":{"line":3,"column":19},"end":{"line":3,"column":33}}],"line":3},"3":{"loc":{"start":{"line":22,"column":42},"end":{"line":22,"column":50}},"type":"binary-expr","locations":[{"start":{"line":22,"column":42},"end":{"line":22,"column":45}},{"start":{"line":22,"column":49},"end":{"line":22,"column":50}}],"line":22},"4":{"loc":{"start":{"line":55,"column":8},"end":{"line":57,"column":9}},"type":"if","locations":[{"start":{"line":55,"column":8},"end":{"line":57,"column":9}},{"start":{"line":55,"column":8},"end":{"line":57,"column":9}}],"line":55},"5":{"loc":{"start":{"line":67,"column":12},"end":{"line":69,"column":13}},"type":"if","locations":[{"start":{"line":67,"column":12},"end":{"line":69,"column":13}},{"start":{"line":67,"column":12},"end":{"line":69,"column":13}}],"line":67}},"s":{"0":1,"1":1,"2":1,"3":1,"4":1,"5":1,"6":1,"7":0,"8":0,"9":0,"10":0,"11":0,"12":0,"13":0,"14":0,"15":0,"16":0,"17":0,"18":0,"19":0,"20":0,"21":0,"22":0,"23":0,"24":0,"25":0,"26":0,"27":0,"28":1,"29":1},"f":{"0":1,"1":1,"2":1,"3":1,"4":0,"5":0,"6":0,"7":0,"8":0,"9":0,"10":0,"11":0,"12":0,"13":0},"b":{"0":[1,1,1],"1":[0,1],"2":[1,1],"3":[1,0],"4":[0,0],"5":[0,0]},"inputSourceMap":{"version":3,"file":"/Users/mayank.narula/Documents/Workspace/personal/SumItUp/backend/src/cache/index.ts","sources":["/Users/mayank.narula/Documents/Workspace/personal/SumItUp/backend/src/cache/index.ts"],"names":[],"mappings":";;;;;AAAA,4DAAmC;AAGnC,MAAM,YAAY;IAGhB;QACE,8DAA8D;QAC9D,IAAI,CAAC,KAAK,GAAG,IAAI,oBAAS,CAAC;YACzB,MAAM,EAAE,EAAE,GAAG,EAAE;YACf,WAAW,EAAE,EAAE,GAAG,CAAC,EAAE,yCAAyC;YAC9D,SAAS,EAAE,KAAK,CAAC,2DAA2D;SAC7E,CAAC,CAAC;IACL,CAAC;IAED,yBAAyB;IACzB,GAAG,CAAI,GAAW;QAChB,OAAO,IAAI,CAAC,KAAK,CAAC,GAAG,CAAI,GAAG,CAAC,CAAC;IAChC,CAAC;IAED,uBAAuB;IACvB,GAAG,CAAI,GAAW,EAAE,KAAQ,EAAE,GAAY;QACxC,OAAO,IAAI,CAAC,KAAK,CAAC,GAAG,CAAC,GAAG,EAAE,KAAK,EAAE,GAAG,IAAI,CAAC,CAAC,CAAC;IAC9C,CAAC;IAED,0BAA0B;IAC1B,GAAG,CAAC,GAAsB;QACxB,OAAO,IAAI,CAAC,KAAK,CAAC,GAAG,CAAC,GAAG,CAAC,CAAC;IAC7B,CAAC;IAED,sBAAsB;IACtB,GAAG,CAAC,GAAW;QACb,OAAO,IAAI,CAAC,KAAK,CAAC,GAAG,CAAC,GAAG,CAAC,CAAC;IAC7B,CAAC;IAED,uBAAuB;IACvB,QAAQ;QACN,OAAO,IAAI,CAAC,KAAK,CAAC,QAAQ,EAAE,CAAC;IAC/B,CAAC;IAED,kBAAkB;IAClB,QAAQ;QACN,IAAI,CAAC,KAAK,CAAC,QAAQ,EAAE,CAAC;IACxB,CAAC;IAED,eAAe;IACf,IAAI;QACF,OAAO,IAAI,CAAC,KAAK,CAAC,IAAI,EAAE,CAAC;IAC3B,CAAC;IAED,oBAAoB;IACpB,MAAM,CAAC,GAAW;QAChB,OAAO,IAAI,CAAC,KAAK,CAAC,MAAM,CAAC,GAAG,CAAC,CAAC;IAChC,CAAC;IAED,2BAA2B;IAC3B,GAAG,CAAC,GAAW,EAAE,GAAW;QAC1B,OAAO,IAAI,CAAC,KAAK,CAAC,GAAG,CAAC,GAAG,EAAE,GAAG,CAAC,CAAC;IAClC,CAAC;IAED,qDAAqD;IACrD,KAAK,CAAC,QAAQ,CACZ,GAAW,EACX,aAA+B,EAC/B,OAAsB;QAEtB,MAAM,MAAM,GAAG,IAAI,CAAC,GAAG,CAAI,GAAG,CAAC,CAAC;QAEhC,IAAI,MAAM,KAAK,SAAS,EAAE,CAAC;YACzB,OAAO,MAAM,CAAC;QAChB,CAAC;QAED,MAAM,KAAK,GAAG,MAAM,aAAa,EAAE,CAAC;QACpC,IAAI,CAAC,GAAG,CAAC,GAAG,EAAE,KAAK,EAAE,OAAO,EAAE,GAAG,CAAC,CAAC;QAEnC,OAAO,KAAK,CAAC;IACf,CAAC;IAED,qBAAqB;IACrB,OAAO,CACL,EAAK,EACL,YAAgD,EAChD,GAAY;QAEZ,OAAO,CAAC,KAAK,EAAE,GAAG,IAAmB,EAAE,EAAE;YACvC,MAAM,GAAG,GAAG,YAAY,CAAC,GAAG,IAAI,CAAC,CAAC;YAClC,MAAM,MAAM,GAAG,IAAI,CAAC,GAAG,CAAC,GAAG,CAAC,CAAC;YAE7B,IAAI,MAAM,KAAK,SAAS,EAAE,CAAC;gBACzB,OAAO,MAAM,CAAC;YAChB,CAAC;YAED,MAAM,MAAM,GAAG,MAAM,EAAE,CAAC,GAAG,IAAI,CAAC,CAAC;YACjC,IAAI,CAAC,GAAG,CAAC,GAAG,EAAE,MAAM,EAAE,GAAG,CAAC,CAAC;YAE3B,OAAO,MAAM,CAAC;QAChB,CAAC,CAAM,CAAC;IACV,CAAC;CACF;AAED,MAAM,YAAY,GAAG,IAAI,YAAY,EAAE,CAAC;AAExC,kBAAe,YAAY,CAAC","sourcesContent":["import NodeCache from \"node-cache\";\nimport { CacheOptions } from \"../types\";\n\nclass CacheService {\n  private cache: NodeCache;\n\n  constructor() {\n    // Initialize the cache with a TTL of 15 minutes (900 seconds)\n    this.cache = new NodeCache({ \n      stdTTL: 60 * 15,\n      checkperiod: 60 * 2, // Check for expired keys every 2 minutes\n      useClones: false // Better performance, but be careful with object mutations\n    });\n  }\n\n  // Get a value from cache\n  get<T>(key: string): T | undefined {\n    return this.cache.get<T>(key);\n  }\n\n  // Set a value in cache\n  set<T>(key: string, value: T, ttl?: number): boolean {\n    return this.cache.set(key, value, ttl || 0);\n  }\n\n  // Delete a key from cache\n  del(key: string | string[]): number {\n    return this.cache.del(key);\n  }\n\n  // Check if key exists\n  has(key: string): boolean {\n    return this.cache.has(key);\n  }\n\n  // Get cache statistics\n  getStats() {\n    return this.cache.getStats();\n  }\n\n  // Clear all cache\n  flushAll(): void {\n    this.cache.flushAll();\n  }\n\n  // Get all keys\n  keys(): string[] {\n    return this.cache.keys();\n  }\n\n  // Get TTL for a key\n  getTtl(key: string): number | undefined {\n    return this.cache.getTtl(key);\n  }\n\n  // Set TTL for existing key\n  ttl(key: string, ttl: number): boolean {\n    return this.cache.ttl(key, ttl);\n  }\n\n  // Utility method to get or set (cache-aside pattern)\n  async getOrSet<T>(\n    key: string, \n    fetchFunction: () => Promise<T>, \n    options?: CacheOptions\n  ): Promise<T> {\n    const cached = this.get<T>(key);\n    \n    if (cached !== undefined) {\n      return cached;\n    }\n\n    const value = await fetchFunction();\n    this.set(key, value, options?.ttl);\n    \n    return value;\n  }\n\n  // Memoization helper\n  memoize<T extends (...args: any[]) => Promise<any>>(\n    fn: T,\n    keyGenerator: (...args: Parameters<T>) => string,\n    ttl?: number\n  ): T {\n    return (async (...args: Parameters<T>) => {\n      const key = keyGenerator(...args);\n      const cached = this.get(key);\n      \n      if (cached !== undefined) {\n        return cached;\n      }\n\n      const result = await fn(...args);\n      this.set(key, result, ttl);\n      \n      return result;\n    }) as T;\n  }\n}\n\nconst cacheService = new CacheService();\n\nexport default cacheService;\n"]},"_coverageSchema":"1a1c01bbd47fc00a2c39e90264f33305004495a9","hash":"5f5fd46dab0146196622e584cd885c462000b81e","contentHash":"7a8f60e82f32d6b183c405e0079a7a619405b9cb053e939990ac6d35b0c35886"},"/Users/mayank.narula/Documents/Workspace/personal/SumItUp/backend/src/controllers/auth/index.ts":{"path":"/Users/mayank.narula/Documents/Workspace/personal/SumItUp/backend/src/controllers/auth/index.ts","statementMap":{"0":{"start":{"line":2,"column":22},"end":{"line":4,"column":1}},"1":{"start":{"line":3,"column":4},"end":{"line":3,"column":62}},"2":{"start":{"line":5,"column":0},"end":{"line":5,"column":62}},"3":{"start":{"line":6,"column":25},"end":{"line":6,"column":69}},"4":{"start":{"line":7,"column":16},"end":{"line":7,"column":51}},"5":{"start":{"line":8,"column":17},"end":{"line":8,"column":53}},"6":{"start":{"line":9,"column":24},"end":{"line":9,"column":67}},"7":{"start":{"line":10,"column":32},"end":{"line":10,"column":83}},"8":{"start":{"line":11,"column":17},"end":{"line":11,"column":53}},"9":{"start":{"line":12,"column":14},"end":{"line":12,"column":30}},"10":{"start":{"line":13,"column":22},"end":{"line":13,"column":63}},"11":{"start":{"line":14,"column":23},"end":{"line":25,"column":1}},"12":{"start":{"line":26,"column":0},"end":{"line":26,"column":33}}},"fnMap":{"0":{"name":"(anonymous_0)","decl":{"start":{"line":2,"column":56},"end":{"line":2,"column":57}},"loc":{"start":{"line":2,"column":71},"end":{"line":4,"column":1}},"line":2}},"branchMap":{"0":{"loc":{"start":{"line":2,"column":22},"end":{"line":4,"column":1}},"type":"binary-expr","locations":[{"start":{"line":2,"column":23},"end":{"line":2,"column":27}},{"start":{"line":2,"column":31},"end":{"line":2,"column":51}},{"start":{"line":2,"column":56},"end":{"line":4,"column":1}}],"line":2},"1":{"loc":{"start":{"line":3,"column":11},"end":{"line":3,"column":61}},"type":"cond-expr","locations":[{"start":{"line":3,"column":37},"end":{"line":3,"column":40}},{"start":{"line":3,"column":43},"end":{"line":3,"column":61}}],"line":3},"2":{"loc":{"start":{"line":3,"column":12},"end":{"line":3,"column":33}},"type":"binary-expr","locations":[{"start":{"line":3,"column":12},"end":{"line":3,"column":15}},{"start":{"line":3,"column":19},"end":{"line":3,"column":33}}],"line":3}},"s":{"0":1,"1":7,"2":1,"3":1,"4":1,"5":1,"6":1,"7":1,"8":1,"9":1,"10":1,"11":1,"12":1},"f":{"0":7},"b":{"0":[1,1,1],"1":[7,0],"2":[7,7]},"inputSourceMap":{"version":3,"file":"/Users/mayank.narula/Documents/Workspace/personal/SumItUp/backend/src/controllers/auth/index.ts","sources":["/Users/mayank.narula/Documents/Workspace/personal/SumItUp/backend/src/controllers/auth/index.ts"],"names":[],"mappings":";;;;;AAAA,sEAA8C;AAC9C,oDAA4B;AAC5B,sDAA8B;AAC9B,oEAA4C;AAC5C,oFAA4D;AAC5D,sDAA8B;AAC9B,+BAAyE;AACzE,gEAAwC;AAExC,MAAM,cAAc,GAAG;IACrB,KAAK,EAAL,eAAK;IACL,MAAM,EAAN,gBAAM;IACN,MAAM,EAAN,gBAAM;IACN,cAAc,EAAd,wBAAc;IACd,aAAa,EAAb,uBAAa;IACb,qBAAqB,EAArB,+BAAqB;IACrB,WAAW,EAAX,qBAAW;IACX,cAAc,EAAd,oBAAc;IACd,cAAc,EAAd,oBAAc;IACd,gBAAgB,EAAhB,sBAAgB;CACjB,CAAC;AAEF,kBAAe,cAAc,CAAC","sourcesContent":["import forgotPassword from \"./forgotPassword\";\nimport login from \"./login\";\nimport logout from \"./logout\";\nimport resetPassword from \"./resetPassword\";\nimport sendVerificationEmail from \"./sendVerificationEmail\";\nimport signup from \"./signup\";\nimport { googleCallback, githubCallback, facebookCallback } from \"./sso\";\nimport verifyEmail from \"./verifyEmail\";\n\nconst authController = {\n  login,\n  signup,\n  logout,\n  forgotPassword,\n  resetPassword,\n  sendVerificationEmail,\n  verifyEmail,\n  googleCallback,\n  githubCallback,\n  facebookCallback,\n};\n\nexport default authController;\n"]},"_coverageSchema":"1a1c01bbd47fc00a2c39e90264f33305004495a9","hash":"1fd1a25aa0896aa21e48192d2625d6750db09b3a","contentHash":"6762d90d6bbf3a43eb035b3edbeffcddfa757e5492ec92304b80e9a2e17df30a"},"/Users/mayank.narula/Documents/Workspace/personal/SumItUp/backend/src/controllers/auth/forgotPassword.ts":{"path":"/Users/mayank.narula/Documents/Workspace/personal/SumItUp/backend/src/controllers/auth/forgotPassword.ts","statementMap":{"0":{"start":{"line":2,"column":22},"end":{"line":4,"column":1}},"1":{"start":{"line":3,"column":4},"end":{"line":3,"column":62}},"2":{"start":{"line":5,"column":0},"end":{"line":5,"column":62}},"3":{"start":{"line":6,"column":15},"end":{"line":6,"column":60}},"4":{"start":{"line":7,"column":15},"end":{"line":7,"column":62}},"5":{"start":{"line":9,"column":23},"end":{"line":28,"column":1}},"6":{"start":{"line":10,"column":22},"end":{"line":10,"column":30}},"7":{"start":{"line":11,"column":4},"end":{"line":13,"column":5}},"8":{"start":{"line":12,"column":8},"end":{"line":12,"column":68}},"9":{"start":{"line":14,"column":4},"end":{"line":27,"column":5}},"10":{"start":{"line":15,"column":21},"end":{"line":15,"column":60}},"11":{"start":{"line":16,"column":8},"end":{"line":18,"column":9}},"12":{"start":{"line":17,"column":12},"end":{"line":17,"column":69}},"13":{"start":{"line":19,"column":27},"end":{"line":19,"column":52}},"14":{"start":{"line":20,"column":8},"end":{"line":20,"column":26}},"15":{"start":{"line":21,"column":8},"end":{"line":21,"column":63}},"16":{"start":{"line":22,"column":8},"end":{"line":22,"column":77}},"17":{"start":{"line":25,"column":8},"end":{"line":25,"column":55}},"18":{"start":{"line":26,"column":8},"end":{"line":26,"column":75}},"19":{"start":{"line":29,"column":0},"end":{"line":29,"column":33}}},"fnMap":{"0":{"name":"(anonymous_0)","decl":{"start":{"line":2,"column":56},"end":{"line":2,"column":57}},"loc":{"start":{"line":2,"column":71},"end":{"line":4,"column":1}},"line":2},"1":{"name":"(anonymous_1)","decl":{"start":{"line":9,"column":23},"end":{"line":9,"column":24}},"loc":{"start":{"line":9,"column":43},"end":{"line":28,"column":1}},"line":9}},"branchMap":{"0":{"loc":{"start":{"line":2,"column":22},"end":{"line":4,"column":1}},"type":"binary-expr","locations":[{"start":{"line":2,"column":23},"end":{"line":2,"column":27}},{"start":{"line":2,"column":31},"end":{"line":2,"column":51}},{"start":{"line":2,"column":56},"end":{"line":4,"column":1}}],"line":2},"1":{"loc":{"start":{"line":3,"column":11},"end":{"line":3,"column":61}},"type":"cond-expr","locations":[{"start":{"line":3,"column":37},"end":{"line":3,"column":40}},{"start":{"line":3,"column":43},"end":{"line":3,"column":61}}],"line":3},"2":{"loc":{"start":{"line":3,"column":12},"end":{"line":3,"column":33}},"type":"binary-expr","locations":[{"start":{"line":3,"column":12},"end":{"line":3,"column":15}},{"start":{"line":3,"column":19},"end":{"line":3,"column":33}}],"line":3},"3":{"loc":{"start":{"line":11,"column":4},"end":{"line":13,"column":5}},"type":"if","locations":[{"start":{"line":11,"column":4},"end":{"line":13,"column":5}},{"start":{"line":11,"column":4},"end":{"line":13,"column":5}}],"line":11},"4":{"loc":{"start":{"line":16,"column":8},"end":{"line":18,"column":9}},"type":"if","locations":[{"start":{"line":16,"column":8},"end":{"line":18,"column":9}},{"start":{"line":16,"column":8},"end":{"line":18,"column":9}}],"line":16}},"s":{"0":1,"1":2,"2":1,"3":1,"4":1,"5":1,"6":3,"7":3,"8":0,"9":3,"10":3,"11":3,"12":1,"13":2,"14":2,"15":2,"16":1,"17":1,"18":1,"19":1},"f":{"0":2,"1":3},"b":{"0":[1,1,1],"1":[2,0],"2":[2,2],"3":[0,3],"4":[1,2]},"inputSourceMap":{"version":3,"file":"/Users/mayank.narula/Documents/Workspace/personal/SumItUp/backend/src/controllers/auth/forgotPassword.ts","sources":["/Users/mayank.narula/Documents/Workspace/personal/SumItUp/backend/src/controllers/auth/forgotPassword.ts"],"names":[],"mappings":";;;;;AACA,6DAAqC;AACrC,+DAA8C;AAQ9C,yBAAyB;AACzB,MAAM,cAAc,GAAG,KAAK,EAAE,GAA0B,EAAE,GAAa,EAAqB,EAAE;IAC5F,MAAM,EAAE,KAAK,EAAE,GAAG,GAAG,CAAC,IAAI,CAAC;IAE3B,IAAI,CAAC,KAAK,EAAE,CAAC;QACX,OAAO,GAAG,CAAC,MAAM,CAAC,GAAG,CAAC,CAAC,IAAI,CAAC,EAAE,KAAK,EAAE,mBAAmB,EAAE,CAAC,CAAC;IAC9D,CAAC;IAED,IAAI,CAAC;QACH,MAAM,IAAI,GAAG,MAAM,cAAI,CAAC,WAAW,CAAC,KAAK,CAAC,CAAC;QAC3C,IAAI,CAAC,IAAI,EAAE,CAAC;YACV,OAAO,GAAG,CAAC,MAAM,CAAC,GAAG,CAAC,CAAC,IAAI,CAAC,EAAE,KAAK,EAAE,gBAAgB,EAAE,CAAC,CAAC;QAC3D,CAAC;QAED,MAAM,UAAU,GAAG,IAAI,CAAC,kBAAkB,EAAE,CAAC;QAC7C,MAAM,IAAI,CAAC,IAAI,EAAE,CAAC;QAElB,MAAM,cAAW,CAAC,cAAc,CAAC,KAAK,EAAE,UAAU,CAAC,CAAC;QAEpD,OAAO,GAAG,CAAC,MAAM,CAAC,GAAG,CAAC,CAAC,IAAI,CAAC,EAAE,OAAO,EAAE,0BAA0B,EAAE,CAAC,CAAC;IACvE,CAAC;IAAC,OAAO,KAAK,EAAE,CAAC;QACf,OAAO,CAAC,KAAK,CAAC,wBAAwB,EAAE,KAAK,CAAC,CAAC;QAC/C,OAAO,GAAG,CAAC,MAAM,CAAC,GAAG,CAAC,CAAC,IAAI,CAAC,EAAE,KAAK,EAAE,0BAA0B,EAAE,CAAC,CAAC;IACrE,CAAC;AACH,CAAC,CAAC;AAEF,kBAAe,cAAc,CAAC","sourcesContent":["import { Request, Response } from \"express\";\nimport User from \"../../models/User\";\nimport authService from \"../../services/auth\";\n\nexport interface ForgotPasswordRequest extends Request {\n  body: {\n    email: string;\n  };\n}\n\n// Forgot Password method\nconst forgotPassword = async (req: ForgotPasswordRequest, res: Response): Promise<Response> => {\n  const { email } = req.body;\n\n  if (!email) {\n    return res.status(400).json({ error: \"Email is required\" });\n  }\n\n  try {\n    const user = await User.findByEmail(email);\n    if (!user) {\n      return res.status(404).json({ error: \"User not found\" });\n    }\n\n    const resetToken = user.generateResetToken();\n    await user.save();\n\n    await authService.sendResetEmail(email, resetToken);\n\n    return res.status(200).json({ message: \"Password reset link sent\" });\n  } catch (error) {\n    console.error(\"Forgot password error:\", error);\n    return res.status(500).json({ error: \"Error sending reset link\" });\n  }\n};\n\nexport default forgotPassword;\n"]},"_coverageSchema":"1a1c01bbd47fc00a2c39e90264f33305004495a9","hash":"b24f173e57c89e17f929ecb8910be4c49b34d7bb","contentHash":"5fd80d64cafb427e60da0d65789d2ba9312b0de5d2763eb47ba7c555c3c5d178"},"/Users/mayank.narula/Documents/Workspace/personal/SumItUp/backend/src/services/auth/index.ts":{"path":"/Users/mayank.narula/Documents/Workspace/personal/SumItUp/backend/src/services/auth/index.ts","statementMap":{"0":{"start":{"line":2,"column":22},"end":{"line":4,"column":1}},"1":{"start":{"line":3,"column":4},"end":{"line":3,"column":62}},"2":{"start":{"line":5,"column":0},"end":{"line":5,"column":62}},"3":{"start":{"line":6,"column":21},"end":{"line":6,"column":59}},"4":{"start":{"line":10,"column":8},"end":{"line":16,"column":11}},"5":{"start":{"line":20,"column":26},"end":{"line":20,"column":88}},"6":{"start":{"line":21,"column":28},"end":{"line":36,"column":9}},"7":{"start":{"line":37,"column":8},"end":{"line":46,"column":9}},"8":{"start":{"line":38,"column":12},"end":{"line":41,"column":15}},"9":{"start":{"line":44,"column":12},"end":{"line":44,"column":63}},"10":{"start":{"line":45,"column":12},"end":{"line":45,"column":75}},"11":{"start":{"line":50,"column":33},"end":{"line":50,"column":100}},"12":{"start":{"line":51,"column":28},"end":{"line":65,"column":9}},"13":{"start":{"line":66,"column":8},"end":{"line":75,"column":9}},"14":{"start":{"line":67,"column":12},"end":{"line":70,"column":15}},"15":{"start":{"line":73,"column":12},"end":{"line":73,"column":70}},"16":{"start":{"line":74,"column":12},"end":{"line":74,"column":82}},"17":{"start":{"line":79,"column":8},"end":{"line":88,"column":9}},"18":{"start":{"line":80,"column":12},"end":{"line":83,"column":15}},"19":{"start":{"line":86,"column":12},"end":{"line":86,"column":57}},"20":{"start":{"line":87,"column":12},"end":{"line":87,"column":69}},"21":{"start":{"line":91,"column":20},"end":{"line":91,"column":37}},"22":{"start":{"line":92,"column":0},"end":{"line":92,"column":30}}},"fnMap":{"0":{"name":"(anonymous_0)","decl":{"start":{"line":2,"column":56},"end":{"line":2,"column":57}},"loc":{"start":{"line":2,"column":71},"end":{"line":4,"column":1}},"line":2},"1":{"name":"(anonymous_1)","decl":{"start":{"line":8,"column":4},"end":{"line":8,"column":5}},"loc":{"start":{"line":8,"column":18},"end":{"line":17,"column":5}},"line":8},"2":{"name":"(anonymous_2)","decl":{"start":{"line":19,"column":4},"end":{"line":19,"column":5}},"loc":{"start":{"line":19,"column":44},"end":{"line":47,"column":5}},"line":19},"3":{"name":"(anonymous_3)","decl":{"start":{"line":49,"column":4},"end":{"line":49,"column":5}},"loc":{"start":{"line":49,"column":58},"end":{"line":76,"column":5}},"line":49},"4":{"name":"(anonymous_4)","decl":{"start":{"line":78,"column":4},"end":{"line":78,"column":5}},"loc":{"start":{"line":78,"column":29},"end":{"line":89,"column":5}},"line":78}},"branchMap":{"0":{"loc":{"start":{"line":2,"column":22},"end":{"line":4,"column":1}},"type":"binary-expr","locations":[{"start":{"line":2,"column":23},"end":{"line":2,"column":27}},{"start":{"line":2,"column":31},"end":{"line":2,"column":51}},{"start":{"line":2,"column":56},"end":{"line":4,"column":1}}],"line":2},"1":{"loc":{"start":{"line":3,"column":11},"end":{"line":3,"column":61}},"type":"cond-expr","locations":[{"start":{"line":3,"column":37},"end":{"line":3,"column":40}},{"start":{"line":3,"column":43},"end":{"line":3,"column":61}}],"line":3},"2":{"loc":{"start":{"line":3,"column":12},"end":{"line":3,"column":33}},"type":"binary-expr","locations":[{"start":{"line":3,"column":12},"end":{"line":3,"column":15}},{"start":{"line":3,"column":19},"end":{"line":3,"column":33}}],"line":3}},"s":{"0":1,"1":1,"2":1,"3":1,"4":1,"5":0,"6":0,"7":0,"8":0,"9":0,"10":0,"11":0,"12":0,"13":0,"14":0,"15":0,"16":0,"17":0,"18":0,"19":0,"20":0,"21":1,"22":1},"f":{"0":1,"1":1,"2":0,"3":0,"4":0},"b":{"0":[1,1,1],"1":[0,1],"2":[1,1]},"inputSourceMap":{"version":3,"file":"/Users/mayank.narula/Documents/Workspace/personal/SumItUp/backend/src/services/auth/index.ts","sources":["/Users/mayank.narula/Documents/Workspace/personal/SumItUp/backend/src/services/auth/index.ts"],"names":[],"mappings":";;;;;AAAA,4DAAqD;AAGrD,MAAM,WAAW;IAGf;QACE,kCAAkC;QAClC,IAAI,CAAC,WAAW,GAAG,oBAAU,CAAC,eAAe,CAAC;YAC5C,OAAO,EAAE,OAAO,EAAE,oCAAoC;YACtD,IAAI,EAAE;gBACJ,IAAI,EAAE,OAAO,CAAC,GAAG,CAAC,UAAU,EAAE,qBAAqB;gBACnD,IAAI,EAAE,OAAO,CAAC,GAAG,CAAC,UAAU,EAAE,+CAA+C;aAC9E;SACF,CAAC,CAAC;IACL,CAAC;IAED,wCAAwC;IACxC,KAAK,CAAC,cAAc,CAAC,KAAa,EAAE,UAAkB;QACpD,MAAM,SAAS,GAAG,GAAG,OAAO,CAAC,GAAG,CAAC,UAAU,yBAAyB,UAAU,EAAE,CAAC;QAEjF,MAAM,WAAW,GAAiB;YAChC,EAAE,EAAE,KAAK;YACT,OAAO,EAAE,gBAAgB;YACzB,IAAI,EAAE;;;;;qBAKS,SAAS;;2DAE6B,SAAS;;;;OAI7D;SACF,CAAC;QAEF,IAAI,CAAC;YACH,MAAM,IAAI,CAAC,WAAW,CAAC,QAAQ,CAAC;gBAC9B,IAAI,EAAE,OAAO,CAAC,GAAG,CAAC,UAAU;gBAC5B,GAAG,WAAW;aACf,CAAC,CAAC;QACL,CAAC;QAAC,OAAO,KAAK,EAAE,CAAC;YACf,OAAO,CAAC,KAAK,CAAC,4BAA4B,EAAE,KAAK,CAAC,CAAC;YACnD,MAAM,IAAI,KAAK,CAAC,6BAA6B,GAAI,KAAe,CAAC,OAAO,CAAC,CAAC;QAC5E,CAAC;IACH,CAAC;IAED,sCAAsC;IACtC,KAAK,CAAC,qBAAqB,CAAC,KAAa,EAAE,iBAAyB;QAClE,MAAM,gBAAgB,GAAG,GAAG,OAAO,CAAC,GAAG,CAAC,UAAU,uBAAuB,iBAAiB,EAAE,CAAC;QAE7F,MAAM,WAAW,GAAiB;YAChC,EAAE,EAAE,KAAK;YACT,OAAO,EAAE,8BAA8B;YACvC,IAAI,EAAE;;;;;qBAKS,gBAAgB;;2DAEsB,gBAAgB;;;OAGpE;SACF,CAAC;QAEF,IAAI,CAAC;YACH,MAAM,IAAI,CAAC,WAAW,CAAC,QAAQ,CAAC;gBAC9B,IAAI,EAAE,OAAO,CAAC,GAAG,CAAC,UAAU;gBAC5B,GAAG,WAAW;aACf,CAAC,CAAC;QACL,CAAC;QAAC,OAAO,KAAK,EAAE,CAAC;YACf,OAAO,CAAC,KAAK,CAAC,mCAAmC,EAAE,KAAK,CAAC,CAAC;YAC1D,MAAM,IAAI,KAAK,CAAC,oCAAoC,GAAI,KAAe,CAAC,OAAO,CAAC,CAAC;QACnF,CAAC;IACH,CAAC;IAED,iCAAiC;IACjC,KAAK,CAAC,SAAS,CAAC,OAAqB;QACnC,IAAI,CAAC;YACH,MAAM,IAAI,CAAC,WAAW,CAAC,QAAQ,CAAC;gBAC9B,IAAI,EAAE,OAAO,CAAC,GAAG,CAAC,UAAU;gBAC5B,GAAG,OAAO;aACX,CAAC,CAAC;QACL,CAAC;QAAC,OAAO,KAAK,EAAE,CAAC;YACf,OAAO,CAAC,KAAK,CAAC,sBAAsB,EAAE,KAAK,CAAC,CAAC;YAC7C,MAAM,IAAI,KAAK,CAAC,uBAAuB,GAAI,KAAe,CAAC,OAAO,CAAC,CAAC;QACtE,CAAC;IACH,CAAC;CACF;AAED,MAAM,WAAW,GAAG,IAAI,WAAW,EAAE,CAAC;AAEtC,kBAAe,WAAW,CAAC","sourcesContent":["import nodemailer, { Transporter } from \"nodemailer\";\nimport { EmailOptions } from \"../../types\";\n\nclass AuthService {\n  private transporter: Transporter;\n\n  constructor() {\n    // Configure your SMTP transporter\n    this.transporter = nodemailer.createTransport({\n      service: \"Gmail\", // or another email service provider\n      auth: {\n        user: process.env.EMAIL_USER, // your email address\n        pass: process.env.EMAIL_PASS, // your email password or app-specific password\n      },\n    });\n  }\n\n  // Method to send a password reset email\n  async sendResetEmail(email: string, resetToken: string): Promise<void> {\n    const resetLink = `${process.env.CLIENT_URL}/reset-password?token=${resetToken}`;\n\n    const mailOptions: EmailOptions = {\n      to: email,\n      subject: \"Password Reset\",\n      html: `\n        <div style=\"font-family: Arial, sans-serif; max-width: 600px; margin: 0 auto;\">\n          <h2>Password Reset Request</h2>\n          <p>You requested a password reset for your SumItUp account.</p>\n          <p>Click the button below to reset your password:</p>\n          <a href=\"${resetLink}\" style=\"display: inline-block; padding: 12px 24px; background-color: #007bff; color: white; text-decoration: none; border-radius: 4px; margin: 16px 0;\">Reset Password</a>\n          <p>Or copy and paste this link into your browser:</p>\n          <p style=\"word-break: break-all; color: #666;\">${resetLink}</p>\n          <p><strong>This link will expire in 1 hour.</strong></p>\n          <p>If you didn't request this password reset, please ignore this email.</p>\n        </div>\n      `,\n    };\n\n    try {\n      await this.transporter.sendMail({\n        from: process.env.EMAIL_USER,\n        ...mailOptions\n      });\n    } catch (error) {\n      console.error(\"Error sending reset email:\", error);\n      throw new Error(\"Error sending reset email: \" + (error as Error).message);\n    }\n  }\n\n  // Method to send a verification email\n  async sendVerificationEmail(email: string, verificationToken: string): Promise<void> {\n    const verificationLink = `${process.env.CLIENT_URL}/verify-email?token=${verificationToken}`;\n\n    const mailOptions: EmailOptions = {\n      to: email,\n      subject: \"Email Verification - SumItUp\",\n      html: `\n        <div style=\"font-family: Arial, sans-serif; max-width: 600px; margin: 0 auto;\">\n          <h2>Welcome to SumItUp!</h2>\n          <p>Thank you for signing up. Please verify your email address to complete your registration.</p>\n          <p>Click the button below to verify your email:</p>\n          <a href=\"${verificationLink}\" style=\"display: inline-block; padding: 12px 24px; background-color: #28a745; color: white; text-decoration: none; border-radius: 4px; margin: 16px 0;\">Verify Email</a>\n          <p>Or copy and paste this link into your browser:</p>\n          <p style=\"word-break: break-all; color: #666;\">${verificationLink}</p>\n          <p>If you didn't create an account with SumItUp, please ignore this email.</p>\n        </div>\n      `,\n    };\n\n    try {\n      await this.transporter.sendMail({\n        from: process.env.EMAIL_USER,\n        ...mailOptions\n      });\n    } catch (error) {\n      console.error(\"Error sending verification email:\", error);\n      throw new Error(\"Error sending verification email: \" + (error as Error).message);\n    }\n  }\n\n  // Method to send a generic email\n  async sendEmail(options: EmailOptions): Promise<void> {\n    try {\n      await this.transporter.sendMail({\n        from: process.env.EMAIL_USER,\n        ...options\n      });\n    } catch (error) {\n      console.error(\"Error sending email:\", error);\n      throw new Error(\"Error sending email: \" + (error as Error).message);\n    }\n  }\n}\n\nconst authService = new AuthService();\n\nexport default authService;\n"]},"_coverageSchema":"1a1c01bbd47fc00a2c39e90264f33305004495a9","hash":"967317f737219255918dee612ec291454d64c4de","contentHash":"dcabf8dc286d045a65df5e05254d5721e640c57acadd53b694b5df99314422db"},"/Users/mayank.narula/Documents/Workspace/personal/SumItUp/backend/src/controllers/auth/login.ts":{"path":"/Users/mayank.narula/Documents/Workspace/personal/SumItUp/backend/src/controllers/auth/login.ts","statementMap":{"0":{"start":{"line":2,"column":22},"end":{"line":4,"column":1}},"1":{"start":{"line":3,"column":4},"end":{"line":3,"column":62}},"2":{"start":{"line":5,"column":0},"end":{"line":5,"column":62}},"3":{"start":{"line":6,"column":23},"end":{"line":6,"column":63}},"4":{"start":{"line":7,"column":15},"end":{"line":7,"column":60}},"5":{"start":{"line":9,"column":14},"end":{"line":39,"column":1}},"6":{"start":{"line":10,"column":32},"end":{"line":10,"column":40}},"7":{"start":{"line":11,"column":4},"end":{"line":13,"column":5}},"8":{"start":{"line":12,"column":8},"end":{"line":12,"column":82}},"9":{"start":{"line":14,"column":4},"end":{"line":38,"column":5}},"10":{"start":{"line":15,"column":8},"end":{"line":15,"column":55}},"11":{"start":{"line":16,"column":21},"end":{"line":16,"column":60}},"12":{"start":{"line":17,"column":8},"end":{"line":17,"column":65}},"13":{"start":{"line":18,"column":8},"end":{"line":20,"column":9}},"14":{"start":{"line":19,"column":12},"end":{"line":19,"column":69}},"15":{"start":{"line":21,"column":24},"end":{"line":21,"column":60}},"16":{"start":{"line":22,"column":8},"end":{"line":22,"column":72}},"17":{"start":{"line":23,"column":8},"end":{"line":25,"column":9}},"18":{"start":{"line":24,"column":12},"end":{"line":24,"column":74}},"19":{"start":{"line":26,"column":26},"end":{"line":26,"column":48}},"20":{"start":{"line":27,"column":8},"end":{"line":29,"column":9}},"21":{"start":{"line":28,"column":12},"end":{"line":28,"column":80}},"22":{"start":{"line":30,"column":22},"end":{"line":32,"column":10}},"23":{"start":{"line":33,"column":8},"end":{"line":33,"column":47}},"24":{"start":{"line":36,"column":8},"end":{"line":36,"column":45}},"25":{"start":{"line":37,"column":8},"end":{"line":37,"column":67}},"26":{"start":{"line":40,"column":0},"end":{"line":40,"column":24}}},"fnMap":{"0":{"name":"(anonymous_0)","decl":{"start":{"line":2,"column":56},"end":{"line":2,"column":57}},"loc":{"start":{"line":2,"column":71},"end":{"line":4,"column":1}},"line":2},"1":{"name":"(anonymous_1)","decl":{"start":{"line":9,"column":14},"end":{"line":9,"column":15}},"loc":{"start":{"line":9,"column":34},"end":{"line":39,"column":1}},"line":9}},"branchMap":{"0":{"loc":{"start":{"line":2,"column":22},"end":{"line":4,"column":1}},"type":"binary-expr","locations":[{"start":{"line":2,"column":23},"end":{"line":2,"column":27}},{"start":{"line":2,"column":31},"end":{"line":2,"column":51}},{"start":{"line":2,"column":56},"end":{"line":4,"column":1}}],"line":2},"1":{"loc":{"start":{"line":3,"column":11},"end":{"line":3,"column":61}},"type":"cond-expr","locations":[{"start":{"line":3,"column":37},"end":{"line":3,"column":40}},{"start":{"line":3,"column":43},"end":{"line":3,"column":61}}],"line":3},"2":{"loc":{"start":{"line":3,"column":12},"end":{"line":3,"column":33}},"type":"binary-expr","locations":[{"start":{"line":3,"column":12},"end":{"line":3,"column":15}},{"start":{"line":3,"column":19},"end":{"line":3,"column":33}}],"line":3},"3":{"loc":{"start":{"line":11,"column":4},"end":{"line":13,"column":5}},"type":"if","locations":[{"start":{"line":11,"column":4},"end":{"line":13,"column":5}},{"start":{"line":11,"column":4},"end":{"line":13,"column":5}}],"line":11},"4":{"loc":{"start":{"line":11,"column":8},"end":{"line":11,"column":27}},"type":"binary-expr","locations":[{"start":{"line":11,"column":8},"end":{"line":11,"column":14}},{"start":{"line":11,"column":18},"end":{"line":11,"column":27}}],"line":11},"5":{"loc":{"start":{"line":17,"column":42},"end":{"line":17,"column":61}},"type":"cond-expr","locations":[{"start":{"line":17,"column":49},"end":{"line":17,"column":54}},{"start":{"line":17,"column":57},"end":{"line":17,"column":61}}],"line":17},"6":{"loc":{"start":{"line":18,"column":8},"end":{"line":20,"column":9}},"type":"if","locations":[{"start":{"line":18,"column":8},"end":{"line":20,"column":9}},{"start":{"line":18,"column":8},"end":{"line":20,"column":9}}],"line":18},"7":{"loc":{"start":{"line":22,"column":46},"end":{"line":22,"column":68}},"type":"cond-expr","locations":[{"start":{"line":22,"column":56},"end":{"line":22,"column":61}},{"start":{"line":22,"column":64},"end":{"line":22,"column":68}}],"line":22},"8":{"loc":{"start":{"line":23,"column":8},"end":{"line":25,"column":9}},"type":"if","locations":[{"start":{"line":23,"column":8},"end":{"line":25,"column":9}},{"start":{"line":23,"column":8},"end":{"line":25,"column":9}}],"line":23},"9":{"loc":{"start":{"line":27,"column":8},"end":{"line":29,"column":9}},"type":"if","locations":[{"start":{"line":27,"column":8},"end":{"line":29,"column":9}},{"start":{"line":27,"column":8},"end":{"line":29,"column":9}}],"line":27}},"s":{"0":1,"1":2,"2":1,"3":1,"4":1,"5":1,"6":5,"7":5,"8":2,"9":3,"10":3,"11":3,"12":3,"13":3,"14":1,"15":2,"16":2,"17":2,"18":1,"19":1,"20":1,"21":0,"22":1,"23":1,"24":0,"25":0,"26":1},"f":{"0":2,"1":5},"b":{"0":[1,1,1],"1":[1,1],"2":[2,2],"3":[2,3],"4":[5,4],"5":[2,1],"6":[1,2],"7":[1,1],"8":[1,1],"9":[0,1]},"inputSourceMap":{"version":3,"file":"/Users/mayank.narula/Documents/Workspace/personal/SumItUp/backend/src/controllers/auth/login.ts","sources":["/Users/mayank.narula/Documents/Workspace/personal/SumItUp/backend/src/controllers/auth/login.ts"],"names":[],"mappings":";;;;;AACA,gEAA+B;AAC/B,6DAAqC;AASrC,eAAe;AACf,MAAM,KAAK,GAAG,KAAK,EAAE,GAAiB,EAAE,GAAa,EAAqB,EAAE;IAC1E,MAAM,EAAE,KAAK,EAAE,QAAQ,EAAE,GAAG,GAAG,CAAC,IAAI,CAAC;IAErC,IAAI,CAAC,KAAK,IAAI,CAAC,QAAQ,EAAE,CAAC;QACxB,OAAO,GAAG,CAAC,MAAM,CAAC,GAAG,CAAC,CAAC,IAAI,CAAC,EAAE,KAAK,EAAE,iCAAiC,EAAE,CAAC,CAAC;IAC5E,CAAC;IAED,IAAI,CAAC;QACH,OAAO,CAAC,GAAG,CAAC,0BAA0B,KAAK,EAAE,CAAC,CAAC;QAC/C,MAAM,IAAI,GAAG,MAAM,cAAI,CAAC,WAAW,CAAC,KAAK,CAAC,CAAC;QAC3C,OAAO,CAAC,GAAG,CAAC,sBAAsB,IAAI,CAAC,CAAC,CAAC,KAAK,CAAC,CAAC,CAAC,IAAI,EAAE,CAAC,CAAC;QACzD,IAAI,CAAC,IAAI,EAAE,CAAC;YACV,OAAO,GAAG,CAAC,MAAM,CAAC,GAAG,CAAC,CAAC,IAAI,CAAC,EAAE,KAAK,EAAE,gBAAgB,EAAE,CAAC,CAAC;QAC3D,CAAC;QAED,MAAM,OAAO,GAAG,MAAM,IAAI,CAAC,eAAe,CAAC,QAAQ,CAAC,CAAC;QACrD,OAAO,CAAC,GAAG,CAAC,0BAA0B,OAAO,CAAC,CAAC,CAAC,KAAK,CAAC,CAAC,CAAC,IAAI,EAAE,CAAC,CAAC;QAChE,IAAI,CAAC,OAAO,EAAE,CAAC;YACb,OAAO,GAAG,CAAC,MAAM,CAAC,GAAG,CAAC,CAAC,IAAI,CAAC,EAAE,KAAK,EAAE,qBAAqB,EAAE,CAAC,CAAC;QAChE,CAAC;QAED,MAAM,SAAS,GAAG,OAAO,CAAC,GAAG,CAAC,UAAU,CAAC;QACzC,IAAI,CAAC,SAAS,EAAE,CAAC;YACf,OAAO,GAAG,CAAC,MAAM,CAAC,GAAG,CAAC,CAAC,IAAI,CAAC,EAAE,KAAK,EAAE,2BAA2B,EAAE,CAAC,CAAC;QACtE,CAAC;QAED,MAAM,KAAK,GAAG,sBAAG,CAAC,IAAI,CAAC,EAAE,EAAE,EAAE,IAAI,CAAC,GAAG,EAAE,EAAE,SAAS,EAAE;YAClD,SAAS,EAAE,IAAI;SAChB,CAAC,CAAC;QAEH,OAAO,GAAG,CAAC,MAAM,CAAC,GAAG,CAAC,CAAC,IAAI,CAAC,EAAE,KAAK,EAAE,CAAC,CAAC;IACzC,CAAC;IAAC,OAAO,KAAK,EAAE,CAAC;QACf,OAAO,CAAC,KAAK,CAAC,cAAc,EAAE,KAAK,CAAC,CAAC;QACrC,OAAO,GAAG,CAAC,MAAM,CAAC,GAAG,CAAC,CAAC,IAAI,CAAC,EAAE,KAAK,EAAE,kBAAkB,EAAE,CAAC,CAAC;IAC7D,CAAC;AACH,CAAC,CAAC;AAEF,kBAAe,KAAK,CAAC","sourcesContent":["import { Request, Response } from \"express\";\nimport jwt from \"jsonwebtoken\";\nimport User from \"../../models/User\";\n\nexport interface LoginRequest extends Request {\n  body: {\n    email: string;\n    password: string;\n  };\n}\n\n// Login method\nconst login = async (req: LoginRequest, res: Response): Promise<Response> => {\n  const { email, password } = req.body;\n\n  if (!email || !password) {\n    return res.status(400).json({ error: \"Email and password are required\" });\n  }\n\n  try {\n    console.log(`[LOGIN ATTEMPT] Email: ${email}`);\n    const user = await User.findByEmail(email);\n    console.log(`[LOGIN USER FOUND] ${user ? \"Yes\" : \"No\"}`);\n    if (!user) {\n      return res.status(401).json({ error: \"User not found\" });\n    }\n\n    const isMatch = await user.comparePassword(password);\n    console.log(`[LOGIN PASSWORD MATCH] ${isMatch ? \"Yes\" : \"No\"}`);\n    if (!isMatch) {\n      return res.status(401).json({ error: \"Invalid credentials\" });\n    }\n\n    const jwtSecret = process.env.JWT_SECRET;\n    if (!jwtSecret) {\n      return res.status(500).json({ error: \"JWT secret not configured\" });\n    }\n\n    const token = jwt.sign({ id: user._id }, jwtSecret, {\n      expiresIn: \"1h\",\n    });\n\n    return res.status(200).json({ token });\n  } catch (error) {\n    console.error(\"Login error:\", error);\n    return res.status(500).json({ error: \"Error logging in\" });\n  }\n};\n\nexport default login;\n"]},"_coverageSchema":"1a1c01bbd47fc00a2c39e90264f33305004495a9","hash":"9272d3525037f9c6cd81eb4295842463e6165d48","contentHash":"84638a5904b28a531aaacd28421fcf819f883c3a2b3733f0cf201bf2f9b3e8a3"},"/Users/mayank.narula/Documents/Workspace/personal/SumItUp/backend/src/controllers/auth/logout.ts":{"path":"/Users/mayank.narula/Documents/Workspace/personal/SumItUp/backend/src/controllers/auth/logout.ts","statementMap":{"0":{"start":{"line":2,"column":0},"end":{"line":2,"column":62}},"1":{"start":{"line":4,"column":15},"end":{"line":8,"column":1}},"2":{"start":{"line":7,"column":4},"end":{"line":7,"column":66}},"3":{"start":{"line":9,"column":0},"end":{"line":9,"column":25}}},"fnMap":{"0":{"name":"(anonymous_0)","decl":{"start":{"line":4,"column":15},"end":{"line":4,"column":16}},"loc":{"start":{"line":4,"column":29},"end":{"line":8,"column":1}},"line":4}},"branchMap":{},"s":{"0":1,"1":1,"2":0,"3":1},"f":{"0":0},"b":{},"inputSourceMap":{"version":3,"file":"/Users/mayank.narula/Documents/Workspace/personal/SumItUp/backend/src/controllers/auth/logout.ts","sources":["/Users/mayank.narula/Documents/Workspace/personal/SumItUp/backend/src/controllers/auth/logout.ts"],"names":[],"mappings":";;AAEA,gBAAgB;AAChB,MAAM,MAAM,GAAG,CAAC,GAAY,EAAE,GAAa,EAAY,EAAE;IACvD,0EAA0E;IAC1E,sDAAsD;IACtD,OAAO,GAAG,CAAC,MAAM,CAAC,GAAG,CAAC,CAAC,IAAI,CAAC,EAAE,OAAO,EAAE,mBAAmB,EAAE,CAAC,CAAC;AAChE,CAAC,CAAC;AAEF,kBAAe,MAAM,CAAC","sourcesContent":["import { Request, Response } from \"express\";\n\n// Logout method\nconst logout = (req: Request, res: Response): Response => {\n  // For JWT-based auth, logout is handled client-side by removing the token\n  // If using sessions, you would call req.logout() here\n  return res.status(200).send({ message: \"Logout successful\" });\n};\n\nexport default logout;\n"]},"_coverageSchema":"1a1c01bbd47fc00a2c39e90264f33305004495a9","hash":"57a691b1b610dee7851d1bce43b5dd82624b8e2d","contentHash":"32ecc22e4f5f9a7be3ea9e384acd24688dc7fbbcadfbd8d932b2fb993f359c16"},"/Users/mayank.narula/Documents/Workspace/personal/SumItUp/backend/src/controllers/auth/resetPassword.ts":{"path":"/Users/mayank.narula/Documents/Workspace/personal/SumItUp/backend/src/controllers/auth/resetPassword.ts","statementMap":{"0":{"start":{"line":2,"column":22},"end":{"line":4,"column":1}},"1":{"start":{"line":3,"column":4},"end":{"line":3,"column":62}},"2":{"start":{"line":5,"column":0},"end":{"line":5,"column":62}},"3":{"start":{"line":6,"column":15},"end":{"line":6,"column":60}},"4":{"start":{"line":8,"column":22},"end":{"line":37,"column":1}},"5":{"start":{"line":9,"column":35},"end":{"line":9,"column":43}},"6":{"start":{"line":10,"column":4},"end":{"line":12,"column":5}},"7":{"start":{"line":11,"column":8},"end":{"line":11,"column":86}},"8":{"start":{"line":13,"column":4},"end":{"line":36,"column":5}},"9":{"start":{"line":15,"column":8},"end":{"line":19,"column":9}},"10":{"start":{"line":16,"column":12},"end":{"line":18,"column":15}},"11":{"start":{"line":20,"column":21},"end":{"line":23,"column":10}},"12":{"start":{"line":24,"column":8},"end":{"line":26,"column":9}},"13":{"start":{"line":25,"column":12},"end":{"line":25,"column":85}},"14":{"start":{"line":27,"column":8},"end":{"line":27,"column":36}},"15":{"start":{"line":28,"column":8},"end":{"line":28,"column":36}},"16":{"start":{"line":29,"column":8},"end":{"line":29,"column":42}},"17":{"start":{"line":30,"column":8},"end":{"line":30,"column":26}},"18":{"start":{"line":31,"column":8},"end":{"line":31,"column":80}},"19":{"start":{"line":34,"column":8},"end":{"line":34,"column":54}},"20":{"start":{"line":35,"column":8},"end":{"line":35,"column":75}},"21":{"start":{"line":38,"column":0},"end":{"line":38,"column":32}}},"fnMap":{"0":{"name":"(anonymous_0)","decl":{"start":{"line":2,"column":56},"end":{"line":2,"column":57}},"loc":{"start":{"line":2,"column":71},"end":{"line":4,"column":1}},"line":2},"1":{"name":"(anonymous_1)","decl":{"start":{"line":8,"column":22},"end":{"line":8,"column":23}},"loc":{"start":{"line":8,"column":42},"end":{"line":37,"column":1}},"line":8}},"branchMap":{"0":{"loc":{"start":{"line":2,"column":22},"end":{"line":4,"column":1}},"type":"binary-expr","locations":[{"start":{"line":2,"column":23},"end":{"line":2,"column":27}},{"start":{"line":2,"column":31},"end":{"line":2,"column":51}},{"start":{"line":2,"column":56},"end":{"line":4,"column":1}}],"line":2},"1":{"loc":{"start":{"line":3,"column":11},"end":{"line":3,"column":61}},"type":"cond-expr","locations":[{"start":{"line":3,"column":37},"end":{"line":3,"column":40}},{"start":{"line":3,"column":43},"end":{"line":3,"column":61}}],"line":3},"2":{"loc":{"start":{"line":3,"column":12},"end":{"line":3,"column":33}},"type":"binary-expr","locations":[{"start":{"line":3,"column":12},"end":{"line":3,"column":15}},{"start":{"line":3,"column":19},"end":{"line":3,"column":33}}],"line":3},"3":{"loc":{"start":{"line":10,"column":4},"end":{"line":12,"column":5}},"type":"if","locations":[{"start":{"line":10,"column":4},"end":{"line":12,"column":5}},{"start":{"line":10,"column":4},"end":{"line":12,"column":5}}],"line":10},"4":{"loc":{"start":{"line":10,"column":8},"end":{"line":10,"column":30}},"type":"binary-expr","locations":[{"start":{"line":10,"column":8},"end":{"line":10,"column":14}},{"start":{"line":10,"column":18},"end":{"line":10,"column":30}}],"line":10},"5":{"loc":{"start":{"line":15,"column":8},"end":{"line":19,"column":9}},"type":"if","locations":[{"start":{"line":15,"column":8},"end":{"line":19,"column":9}},{"start":{"line":15,"column":8},"end":{"line":19,"column":9}}],"line":15},"6":{"loc":{"start":{"line":24,"column":8},"end":{"line":26,"column":9}},"type":"if","locations":[{"start":{"line":24,"column":8},"end":{"line":26,"column":9}},{"start":{"line":24,"column":8},"end":{"line":26,"column":9}}],"line":24}},"s":{"0":1,"1":1,"2":1,"3":1,"4":1,"5":3,"6":3,"7":0,"8":3,"9":3,"10":1,"11":2,"12":2,"13":1,"14":1,"15":1,"16":1,"17":1,"18":1,"19":0,"20":0,"21":1},"f":{"0":1,"1":3},"b":{"0":[1,1,1],"1":[1,0],"2":[1,1],"3":[0,3],"4":[3,3],"5":[1,2],"6":[1,1]},"inputSourceMap":{"version":3,"file":"/Users/mayank.narula/Documents/Workspace/personal/SumItUp/backend/src/controllers/auth/resetPassword.ts","sources":["/Users/mayank.narula/Documents/Workspace/personal/SumItUp/backend/src/controllers/auth/resetPassword.ts"],"names":[],"mappings":";;;;;AACA,6DAAqC;AASrC,wBAAwB;AACxB,MAAM,aAAa,GAAG,KAAK,EAAE,GAAyB,EAAE,GAAa,EAAqB,EAAE;IAC1F,MAAM,EAAE,KAAK,EAAE,WAAW,EAAE,GAAG,GAAG,CAAC,IAAI,CAAC;IAExC,IAAI,CAAC,KAAK,IAAI,CAAC,WAAW,EAAE,CAAC;QAC3B,OAAO,GAAG,CAAC,MAAM,CAAC,GAAG,CAAC,CAAC,IAAI,CAAC,EAAE,KAAK,EAAE,qCAAqC,EAAE,CAAC,CAAC;IAChF,CAAC;IAED,IAAI,CAAC;QACH,6BAA6B;QAC7B,IAAI,CAAC,wCAAwC,CAAC,IAAI,CAAC,WAAW,CAAC,EAAE,CAAC;YAChE,OAAO,GAAG,CAAC,MAAM,CAAC,GAAG,CAAC,CAAC,IAAI,CAAC;gBAC1B,KAAK,EAAE,8DAA8D;aACtE,CAAC,CAAC;QACL,CAAC;QAED,MAAM,IAAI,GAAG,MAAM,cAAI,CAAC,OAAO,CAAC;YAC9B,UAAU,EAAE,EAAE,GAAG,EAAE,KAAK,EAAE;YAC1B,gBAAgB,EAAE,EAAE,GAAG,EAAE,IAAI,IAAI,EAAE,EAAE;SACtC,CAAC,CAAC;QAEH,IAAI,CAAC,IAAI,EAAE,CAAC;YACV,OAAO,GAAG,CAAC,MAAM,CAAC,GAAG,CAAC,CAAC,IAAI,CAAC,EAAE,KAAK,EAAE,gCAAgC,EAAE,CAAC,CAAC;QAC3E,CAAC;QAED,IAAI,CAAC,QAAQ,GAAG,WAAW,CAAC;QAC5B,IAAI,CAAC,UAAU,GAAG,SAAS,CAAC;QAC5B,IAAI,CAAC,gBAAgB,GAAG,SAAS,CAAC;QAClC,MAAM,IAAI,CAAC,IAAI,EAAE,CAAC;QAElB,OAAO,GAAG,CAAC,MAAM,CAAC,GAAG,CAAC,CAAC,IAAI,CAAC,EAAE,OAAO,EAAE,6BAA6B,EAAE,CAAC,CAAC;IAC1E,CAAC;IAAC,OAAO,KAAK,EAAE,CAAC;QACf,OAAO,CAAC,KAAK,CAAC,uBAAuB,EAAE,KAAK,CAAC,CAAC;QAC9C,OAAO,GAAG,CAAC,MAAM,CAAC,GAAG,CAAC,CAAC,IAAI,CAAC,EAAE,KAAK,EAAE,0BAA0B,EAAE,CAAC,CAAC;IACrE,CAAC;AACH,CAAC,CAAC;AAEF,kBAAe,aAAa,CAAC","sourcesContent":["import { Request, Response } from \"express\";\nimport User from \"../../models/User\";\n\nexport interface ResetPasswordRequest extends Request {\n  body: {\n    token: string;\n    newPassword: string;\n  };\n}\n\n// Reset Password method\nconst resetPassword = async (req: ResetPasswordRequest, res: Response): Promise<Response> => {\n  const { token, newPassword } = req.body;\n\n  if (!token || !newPassword) {\n    return res.status(400).json({ error: \"Token and new password are required\" });\n  }\n\n  try {\n    // Validate password strength\n    if (!/^(?=.*[a-zA-Z])(?=.*\\d)[a-zA-Z\\d]{8,}$/.test(newPassword)) {\n      return res.status(400).json({\n        error: \"Password must be alphanumeric and at least 8 characters long\",\n      });\n    }\n\n    const user = await User.findOne({\n      resetToken: { $eq: token },\n      resetTokenExpiry: { $gt: new Date() },\n    });\n\n    if (!user) {\n      return res.status(400).json({ error: \"Invalid or expired reset token\" });\n    }\n\n    user.password = newPassword;\n    user.resetToken = undefined;\n    user.resetTokenExpiry = undefined;\n    await user.save();\n\n    return res.status(200).json({ message: \"Password reset successfully\" });\n  } catch (error) {\n    console.error(\"Reset password error:\", error);\n    return res.status(500).json({ error: \"Error resetting password\" });\n  }\n};\n\nexport default resetPassword;\n"]},"_coverageSchema":"1a1c01bbd47fc00a2c39e90264f33305004495a9","hash":"37a7cf280fe3532e1f6e0c339a114ffae4583c38","contentHash":"6327975490728218d89cff756008d439ab634f98402050e968e83e0ef251e51b"},"/Users/mayank.narula/Documents/Workspace/personal/SumItUp/backend/src/controllers/auth/sendVerificationEmail.ts":{"path":"/Users/mayank.narula/Documents/Workspace/personal/SumItUp/backend/src/controllers/auth/sendVerificationEmail.ts","statementMap":{"0":{"start":{"line":2,"column":22},"end":{"line":4,"column":1}},"1":{"start":{"line":3,"column":4},"end":{"line":3,"column":62}},"2":{"start":{"line":5,"column":0},"end":{"line":5,"column":62}},"3":{"start":{"line":6,"column":15},"end":{"line":6,"column":60}},"4":{"start":{"line":7,"column":15},"end":{"line":7,"column":62}},"5":{"start":{"line":9,"column":30},"end":{"line":32,"column":1}},"6":{"start":{"line":10,"column":22},"end":{"line":10,"column":30}},"7":{"start":{"line":11,"column":4},"end":{"line":13,"column":5}},"8":{"start":{"line":12,"column":8},"end":{"line":12,"column":68}},"9":{"start":{"line":14,"column":4},"end":{"line":31,"column":5}},"10":{"start":{"line":15,"column":21},"end":{"line":15,"column":60}},"11":{"start":{"line":16,"column":8},"end":{"line":18,"column":9}},"12":{"start":{"line":17,"column":12},"end":{"line":17,"column":69}},"13":{"start":{"line":19,"column":8},"end":{"line":21,"column":9}},"14":{"start":{"line":20,"column":12},"end":{"line":20,"column":80}},"15":{"start":{"line":22,"column":34},"end":{"line":22,"column":66}},"16":{"start":{"line":23,"column":8},"end":{"line":23,"column":51}},"17":{"start":{"line":24,"column":8},"end":{"line":24,"column":26}},"18":{"start":{"line":25,"column":8},"end":{"line":25,"column":77}},"19":{"start":{"line":26,"column":8},"end":{"line":26,"column":76}},"20":{"start":{"line":29,"column":8},"end":{"line":29,"column":63}},"21":{"start":{"line":30,"column":8},"end":{"line":30,"column":83}},"22":{"start":{"line":33,"column":0},"end":{"line":33,"column":40}}},"fnMap":{"0":{"name":"(anonymous_0)","decl":{"start":{"line":2,"column":56},"end":{"line":2,"column":57}},"loc":{"start":{"line":2,"column":71},"end":{"line":4,"column":1}},"line":2},"1":{"name":"(anonymous_1)","decl":{"start":{"line":9,"column":30},"end":{"line":9,"column":31}},"loc":{"start":{"line":9,"column":50},"end":{"line":32,"column":1}},"line":9}},"branchMap":{"0":{"loc":{"start":{"line":2,"column":22},"end":{"line":4,"column":1}},"type":"binary-expr","locations":[{"start":{"line":2,"column":23},"end":{"line":2,"column":27}},{"start":{"line":2,"column":31},"end":{"line":2,"column":51}},{"start":{"line":2,"column":56},"end":{"line":4,"column":1}}],"line":2},"1":{"loc":{"start":{"line":3,"column":11},"end":{"line":3,"column":61}},"type":"cond-expr","locations":[{"start":{"line":3,"column":37},"end":{"line":3,"column":40}},{"start":{"line":3,"column":43},"end":{"line":3,"column":61}}],"line":3},"2":{"loc":{"start":{"line":3,"column":12},"end":{"line":3,"column":33}},"type":"binary-expr","locations":[{"start":{"line":3,"column":12},"end":{"line":3,"column":15}},{"start":{"line":3,"column":19},"end":{"line":3,"column":33}}],"line":3},"3":{"loc":{"start":{"line":11,"column":4},"end":{"line":13,"column":5}},"type":"if","locations":[{"start":{"line":11,"column":4},"end":{"line":13,"column":5}},{"start":{"line":11,"column":4},"end":{"line":13,"column":5}}],"line":11},"4":{"loc":{"start":{"line":16,"column":8},"end":{"line":18,"column":9}},"type":"if","locations":[{"start":{"line":16,"column":8},"end":{"line":18,"column":9}},{"start":{"line":16,"column":8},"end":{"line":18,"column":9}}],"line":16},"5":{"loc":{"start":{"line":19,"column":8},"end":{"line":21,"column":9}},"type":"if","locations":[{"start":{"line":19,"column":8},"end":{"line":21,"column":9}},{"start":{"line":19,"column":8},"end":{"line":21,"column":9}}],"line":19}},"s":{"0":1,"1":2,"2":1,"3":1,"4":1,"5":1,"6":3,"7":3,"8":0,"9":3,"10":3,"11":3,"12":1,"13":2,"14":0,"15":2,"16":2,"17":2,"18":1,"19":1,"20":1,"21":1,"22":1},"f":{"0":2,"1":3},"b":{"0":[1,1,1],"1":[2,0],"2":[2,2],"3":[0,3],"4":[1,2],"5":[0,2]},"inputSourceMap":{"version":3,"file":"/Users/mayank.narula/Documents/Workspace/personal/SumItUp/backend/src/controllers/auth/sendVerificationEmail.ts","sources":["/Users/mayank.narula/Documents/Workspace/personal/SumItUp/backend/src/controllers/auth/sendVerificationEmail.ts"],"names":[],"mappings":";;;;;AACA,6DAAqC;AACrC,+DAA8C;AAQ9C,iCAAiC;AACjC,MAAM,qBAAqB,GAAG,KAAK,EAAE,GAAiC,EAAE,GAAa,EAAqB,EAAE;IAC1G,MAAM,EAAE,KAAK,EAAE,GAAG,GAAG,CAAC,IAAI,CAAC;IAE3B,IAAI,CAAC,KAAK,EAAE,CAAC;QACX,OAAO,GAAG,CAAC,MAAM,CAAC,GAAG,CAAC,CAAC,IAAI,CAAC,EAAE,KAAK,EAAE,mBAAmB,EAAE,CAAC,CAAC;IAC9D,CAAC;IAED,IAAI,CAAC;QACH,MAAM,IAAI,GAAG,MAAM,cAAI,CAAC,WAAW,CAAC,KAAK,CAAC,CAAC;QAC3C,IAAI,CAAC,IAAI,EAAE,CAAC;YACV,OAAO,GAAG,CAAC,MAAM,CAAC,GAAG,CAAC,CAAC,IAAI,CAAC,EAAE,KAAK,EAAE,gBAAgB,EAAE,CAAC,CAAC;QAC3D,CAAC;QAED,IAAI,IAAI,CAAC,QAAQ,EAAE,CAAC;YAClB,OAAO,GAAG,CAAC,MAAM,CAAC,GAAG,CAAC,CAAC,IAAI,CAAC,EAAE,KAAK,EAAE,2BAA2B,EAAE,CAAC,CAAC;QACtE,CAAC;QAED,MAAM,iBAAiB,GAAG,IAAI,CAAC,yBAAyB,EAAE,CAAC;QAC3D,IAAI,CAAC,iBAAiB,GAAG,iBAAiB,CAAC;QAC3C,MAAM,IAAI,CAAC,IAAI,EAAE,CAAC;QAElB,MAAM,cAAW,CAAC,qBAAqB,CAAC,KAAK,EAAE,iBAAiB,CAAC,CAAC;QAElE,OAAO
[...]
ences.findByUserId(userId);\n      \n      if (!preferences) {\n        return res.status(404).json({ error: \"Preferences not found\" });\n      }\n      \n      // Remove interests\n      preferences.interests = preferences.interests.filter(\n        interest => !interests.includes(interest)\n      );\n      \n      await preferences.save();\n      \n      return res.status(200).json({\n        message: \"Interests removed successfully\",\n        interests: preferences.interests\n      });\n    } catch (error) {\n      console.error(\"Error removing interests:\", error);\n      return res.status(500).json({ error: \"Internal Server Error\" });\n    }\n  }\n};\n\nexport default preferencesController;\n\n"]},"_coverageSchema":"1a1c01bbd47fc00a2c39e90264f33305004495a9","hash":"bc1a35cac6f920f96104bc6067ad7b6895f43c20","contentHash":"7d9e8cca73ace4cd2bc46c81797be3a79b35e5b9757416971ece7b374c724e23"},"/Users/mayank.narula/Documents/Workspace/personal/SumItUp/backend/src/models/UserPreferences.ts":{"path":"/Users/mayank.narula/Documents/Workspace/personal/SumItUp/backend/src/models/UserPreferences.ts","statementMap":{"0":{"start":{"line":2,"column":22},"end":{"line":12,"column":3}},"1":{"start":{"line":3,"column":4},"end":{"line":3,"column":33}},"2":{"start":{"line":3,"column":26},"end":{"line":3,"column":33}},"3":{"start":{"line":4,"column":15},"end":{"line":4,"column":52}},"4":{"start":{"line":5,"column":4},"end":{"line":7,"column":5}},"5":{"start":{"line":6,"column":6},"end":{"line":6,"column":68}},"6":{"start":{"line":6,"column":51},"end":{"line":6,"column":63}},"7":{"start":{"line":8,"column":4},"end":{"line":8,"column":39}},"8":{"start":{"line":10,"column":4},"end":{"line":10,"column":33}},"9":{"start":{"line":10,"column":26},"end":{"line":10,"column":33}},"10":{"start":{"line":11,"column":4},"end":{"line":11,"column":17}},"11":{"start":{"line":13,"column":25},"end":{"line":17,"column":2}},"12":{"start":{"line":14,"column":4},"end":{"line":14,"column":72}},"13":{"start":{"line":16,"column":4},"end":{"line":16,"column":21}},"14":{"start":{"line":18,"column":19},"end":{"line":34,"column":4}},"15":{"start":{"line":19,"column":18},"end":{"line":26,"column":5}},"16":{"start":{"line":20,"column":8},"end":{"line":24,"column":10}},"17":{"start":{"line":21,"column":21},"end":{"line":21,"column":23}},"18":{"start":{"line":22,"column":12},"end":{"line":22,"column":95}},"19":{"start":{"line":22,"column":29},"end":{"line":22,"column":95}},"20":{"start":{"line":22,"column":77},"end":{"line":22,"column":95}},"21":{"start":{"line":23,"column":12},"end":{"line":23,"column":22}},"22":{"start":{"line":25,"column":8},"end":{"line":25,"column":26}},"23":{"start":{"line":27,"column":4},"end":{"line":33,"column":6}},"24":{"start":{"line":28,"column":8},"end":{"line":28,"column":46}},"25":{"start":{"line":28,"column":35},"end":{"line":28,"column":46}},"26":{"start":{"line":29,"column":21},"end":{"line":29,"column":23}},"27":{"start":{"line":30,"column":8},"end":{"line":30,"column":137}},"28":{"start":{"line":30,"column":25},"end":{"line":30,"column":137}},"29":{"start":{"line":30,"column":38},"end":{"line":30,"column":50}},"30":{"start":{"line":30,"column":56},"end":{"line":30,"column":57}},"31":{"start":{"line":30,"column":78},"end":{"line":30,"column":137}},"32":{"start":{"line":30,"column":102},"end":{"line":30,"column":137}},"33":{"start":{"line":31,"column":8},"end":{"line":31,"column":40}},"34":{"start":{"line":32,"column":8},"end":{"line":32,"column":22}},"35":{"start":{"line":35,"column":0},"end":{"line":35,"column":62}},"36":{"start":{"line":36,"column":19},"end":{"line":36,"column":52}},"37":{"start":{"line":37,"column":30},"end":{"line":116,"column":2}},"38":{"start":{"line":118,"column":0},"end":{"line":121,"column":3}},"39":{"start":{"line":119,"column":4},"end":{"line":119,"column":32}},"40":{"start":{"line":120,"column":4},"end":{"line":120,"column":11}},"41":{"start":{"line":123,"column":0},"end":{"line":125,"column":2}},"42":{"start":{"line":124,"column":4},"end":{"line":124,"column":36}},"43":{"start":{"line":126,"column":0},"end":{"line":128,"column":2}},"44":{"start":{"line":127,"column":4},"end":{"line":127,"column":35}},"45":{"start":{"line":130,"column":0},"end":{"line":137,"column":2}},"46":{"start":{"line":131,"column":4},"end":{"line":135,"column":7}},"47":{"start":{"line":132,"column":8},"end":{"line":134,"column":9}},"48":{"start":{"line":133,"column":12},"end":{"line":133,"column":37}},"49":{"start":{"line":136,"column":4},"end":{"line":136,"column":23}},"50":{"start":{"line":138,"column":0},"end":{"line":138,"column":85}}},"fnMap":{"0":{"name":"(anonymous_0)","decl":{"start":{"line":2,"column":74},"end":{"line":2,"column":75}},"loc":{"start":{"line":2,"column":96},"end":{"line":9,"column":1}},"line":2},"1":{"name":"(anonymous_1)","decl":{"start":{"line":6,"column":38},"end":{"line":6,"column":39}},"loc":{"start":{"line":6,"column":49},"end":{"line":6,"column":65}},"line":6},"2":{"name":"(anonymous_2)","decl":{"start":{"line":9,"column":6},"end":{"line":9,"column":7}},"loc":{"start":{"line":9,"column":28},"end":{"line":12,"column":1}},"line":9},"3":{"name":"(anonymous_3)","decl":{"start":{"line":13,"column":80},"end":{"line":13,"column":81}},"loc":{"start":{"line":13,"column":95},"end":{"line":15,"column":1}},"line":13},"4":{"name":"(anonymous_4)","decl":{"start":{"line":15,"column":5},"end":{"line":15,"column":6}},"loc":{"start":{"line":15,"column":20},"end":{"line":17,"column":1}},"line":15},"5":{"name":"(anonymous_5)","decl":{"start":{"line":18,"column":51},"end":{"line":18,"column":52}},"loc":{"start":{"line":18,"column":63},"end":{"line":34,"column":1}},"line":18},"6":{"name":"(anonymous_6)","decl":{"start":{"line":19,"column":18},"end":{"line":19,"column":19}},"loc":{"start":{"line":19,"column":30},"end":{"line":26,"column":5}},"line":19},"7":{"name":"(anonymous_7)","decl":{"start":{"line":20,"column":48},"end":{"line":20,"column":49}},"loc":{"start":{"line":20,"column":61},"end":{"line":24,"column":9}},"line":20},"8":{"name":"(anonymous_8)","decl":{"start":{"line":27,"column":11},"end":{"line":27,"column":12}},"loc":{"start":{"line":27,"column":26},"end":{"line":33,"column":5}},"line":27},"9":{"name":"(anonymous_9)","decl":{"start":{"line":118,"column":34},"end":{"line":118,"column":35}},"loc":{"start":{"line":118,"column":50},"end":{"line":121,"column":1}},"line":118},"10":{"name":"(anonymous_10)","decl":{"start":{"line":123,"column":45},"end":{"line":123,"column":46}},"loc":{"start":{"line":123,"column":63},"end":{"line":125,"column":1}},"line":123},"11":{"name":"(anonymous_11)","decl":{"start":{"line":126,"column":46},"end":{"line":126,"column":47}},"loc":{"start":{"line":126,"column":64},"end":{"line":128,"column":1}},"line":126},"12":{"name":"(anonymous_12)","decl":{"start":{"line":130,"column":50},"end":{"line":130,"column":51}},"loc":{"start":{"line":130,"column":69},"end":{"line":137,"column":1}},"line":130},"13":{"name":"(anonymous_13)","decl":{"start":{"line":131,"column":33},"end":{"line":131,"column":34}},"loc":{"start":{"line":131,"column":40},"end":{"line":135,"column":5}},"line":131}},"branchMap":{"0":{"loc":{"start":{"line":2,"column":22},"end":{"line":12,"column":3}},"type":"binary-expr","locations":[{"start":{"line":2,"column":23},"end":{"line":2,"column":27}},{"start":{"line":2,"column":31},"end":{"line":2,"column":51}},{"start":{"line":2,"column":57},"end":{"line":12,"column":2}}],"line":2},"1":{"loc":{"start":{"line":2,"column":57},"end":{"line":12,"column":2}},"type":"cond-expr","locations":[{"start":{"line":2,"column":74},"end":{"line":9,"column":1}},{"start":{"line":9,"column":6},"end":{"line":12,"column":1}}],"line":2},"2":{"loc":{"start":{"line":3,"column":4},"end":{"line":3,"column":33}},"type":"if","locations":[{"start":{"line":3,"column":4},"end":{"line":3,"column":33}},{"start":{"line":3,"column":4},"end":{"line":3,"column":33}}],"line":3},"3":{"loc":{"start":{"line":5,"column":4},"end":{"line":7,"column":5}},"type":"if","locations":[{"start":{"line":5,"column":4},"end":{"line":7,"column":5}},{"start":{"line":5,"column":4},"end":{"line":7,"column":5}}],"line":5},"4":{"loc":{"start":{"line":5,"column":8},"end":{"line":5,"column":85}},"type":"binary-expr","locations":[{"start":{"line":5,"column":8},"end":{"line":5,"column":13}},{"start":{"line":5,"column":18},"end":{"line":5,"column":84}}],"line":5},"5":{"loc":{"start":{"line":5,"column":18},"end":{"line":5,"column":84}},"type":"cond-expr","locations":[{"start":{"line":5,"column":34},"end":{"line":5,"column":47}},{"start":{"line":5,"column":50},"end":{"line":5,"column":84}}],"line":5},"6":{"loc":{"start":{"line":5,"column":50},"end":{"line":5,"column":84}},"type":"binary-expr","locations":[{"start":{"line":5,"column":50},"end":{"line":5,"column":63}},{"start":{"line":5,"column":67},"end":{"line":5,"column":84}}],"line":5},"7":{"loc":{"start":{"line":10,"column":4},"end":{"line":10,"column":33}},"type":"if","locations":[{"start":{"line":10,"column":4},"end":{"line":10,"column":33}},{"start":{"line":10,"column":4},"end":{"line":10,"column":33}}],"line":10},"8":{"loc":{"start":{"line":13,"column":25},"end":{"line":17,"column":2}},"type":"binary-expr","locations":[{"start":{"line":13,"column":26},"end":{"line":13,"column":30}},{"start":{"line":13,"column":34},"end":{"line":13,"column":57}},{"start":{"line":13,"column":63},"end":{"line":17,"column":1}}],"line":13},"9":{"loc":{"start":{"line":13,"column":63},"end":{"line":17,"column":1}},"type":"cond-expr","locations":[{"start":{"line":13,"column":80},"end":{"line":15,"column":1}},{"start":{"line":15,"column":5},"end":{"line":17,"column":1}}],"line":13},"10":{"loc":{"start":{"line":18,"column":19},"end":{"line":34,"column":4}},"type":"binary-expr","locations":[{"start":{"line":18,"column":20},"end":{"line":18,"column":24}},{"start":{"line":18,"column":28},"end":{"line":18,"column":45}},{"start":{"line":18,"column":50},"end":{"line":34,"column":4}}],"line":18},"11":{"loc":{"start":{"line":20,"column":18},"end":{"line":24,"column":9}},"type":"binary-expr","locations":[{"start":{"line":20,"column":18},"end":{"line":20,"column":44}},{"start":{"line":20,"column":48},"end":{"line":24,"column":9}}],"line":20},"12":{"loc":{"start":{"line":22,"column":29},"end":{"line":22,"column":95}},"type":"if","locations":[{"start":{"line":22,"column":29},"end":{"line":22,"column":95}},{"start":{"line":22,"column":29},"end":{"line":22,"column":95}}],"line":22},"13":{"loc":{"start":{"line":28,"column":8},"end":{"line":28,"column":46}},"type":"if","locations":[{"start":{"line":28,"column":8},"end":{"line":28,"column":46}},{"start":{"line":28,"column":8},"end":{"line":28,"column":46}}],"line":28},"14":{"loc":{"start":{"line":28,"column":12},"end":{"line":28,"column":33}},"type":"binary-expr","locations":[{"start":{"line":28,"column":12},"end":{"line":28,"column":15}},{"start":{"line":28,"column":19},"end":{"line":28,"column":33}}],"line":28},"15":{"loc":{"start":{"line":30,"column":8},"end":{"line":30,"column":137}},"type":"if","locations":[{"start":{"line":30,"column":8},"end":{"line":30,"column":137}},{"start":{"line":30,"column":8},"end":{"line":30,"column":137}}],"line":30},"16":{"loc":{"start":{"line":30,"column":78},"end":{"line":30,"column":137}},"type":"if","locations":[{"start":{"line":30,"column":78},"end":{"line":30,"column":137}},{"start":{"line":30,"column":78},"end":{"line":30,"column":137}}],"line":30},"17":{"loc":{"start":{"line":132,"column":8},"end":{"line":134,"column":9}},"type":"if","locations":[{"start":{"line":132,"column":8},"end":{"line":134,"column":9}},{"start":{"line":132,"column":8},"end":{"line":134,"column":9}}],"line":132},"18":{"loc":{"start":{"line":132,"column":12},"end":{"line":132,"column":64}},"type":"binary-expr","locations":[{"start":{"line":132,"column":12},"end":{"line":132,"column":34}},{"start":{"line":132,"column":38},"end":{"line":132,"column":64}}],"line":132}},"s":{"0":1,"1":9,"2":9,"3":9,"4":9,"5":8,"6":2,"7":9,"8":0,"9":0,"10":0,"11":1,"12":1,"13":0,"14":1,"15":1,"16":1,"17":0,"18":0,"19":0,"20":0,"21":0,"22":1,"23":1,"24":1,"25":0,"26":1,"27":1,"28":1,"29":1,"30":1,"31":9,"32":9,"33":1,"34":1,"35":1,"36":1,"37":1,"38":1,"39":0,"40":0,"41":1,"42":1,"43":1,"44":1,"45":1,"46":4,"47":9,"48":7,"49":4,"50":1},"f":{"0":9,"1":2,"2":0,"3":1,"4":0,"5":1,"6":1,"7":0,"8":1,"9":0,"10":1,"11":1,"12":4,"13":9},"b":{"0":[1,1,1],"1":[1,0],"2":[9,0],"3":[8,1],"4":[9,9],"5":[0,9],"6":[9,1],"7":[0,0],"8":[1,1,1],"9":[1,0],"10":[1,1,1],"11":[1,0],"12":[0,0],"13":[0,1],"14":[1,1],"15":[1,0],"16":[9,0],"17":[7,2],"18":[9,8]},"inputSourceMap":{"version":3,"file":"/Users/mayank.narula/Documents/Workspace/personal/SumItUp/backend/src/models/UserPreferences.ts","sources":["/Users/mayank.narula/Documents/Workspace/personal/SumItUp/backend/src/models/UserPreferences.ts"],"names":[],"mappings":";;;;;;;;;;;;;;;;;;;;;;;;;;;;;;;;;;;AAAA,qDAA6D;AAqD7D,MAAM,qBAAqB,GAAG,IAAI,iBAAM,CAAmB;IACzD,MAAM,EAAE;QACN,IAAI,EAAE,iBAAM,CAAC,KAAK,CAAC,QAAQ;QAC3B,GAAG,EAAE,MAAM;QACX,QAAQ,EAAE,IAAI;QACd,MAAM,EAAE,IAAI;KACb;IAED,sBAAsB;IACtB,oBAAoB,EAAE;QACpB,IAAI,EAAE,MAAM;QACZ,IAAI,EAAE,CAAC,OAAO,EAAE,QAAQ,EAAE,MAAM,CAAC;QACjC,OAAO,EAAE,QAAQ;KAClB;IAED,YAAY,EAAE;QACZ,IAAI,EAAE,MAAM;QACZ,IAAI,EAAE,CAAC,eAAe,EAAE,WAAW,EAAE,UAAU,EAAE,UAAU,CAAC;QAC5D,OAAO,EAAE,WAAW;KACrB;IAED,uBAAuB;IACvB,iBAAiB,EAAE;QACjB,IAAI,EAAE,MAAM;QACZ,OAAO,EAAE,IAAI;KACd;IAED,yBAAyB;IACzB,iBAAiB,EAAE;QACjB,IAAI,EAAE,MAAM;QACZ,IAAI,EAAE,CAAC,MAAM,EAAE,UAAU,EAAE,MAAM,CAAC;QAClC,OAAO,EAAE,UAAU;KACpB;IAED,eAAe,EAAE;QACf,IAAI,EAAE,OAAO;QACb,OAAO,EAAE,IAAI;KACd;IAED,sBAAsB;IACtB,cAAc,EAAE;QACd,IAAI,EAAE,MAAM;QACZ,IAAI,EAAE,CAAC,SAAS,EAAE,QAAQ,CAAC;QAC3B,OAAO,EAAE,SAAS;KACnB;IAED,2BAA2B;IAC3B,kBAAkB,EAAE;QAClB,IAAI,EAAE,OAAO;QACb,OAAO,EAAE,IAAI;KACd;IAED,uBAAuB,EAAE;QACvB,IAAI,EAAE,OAAO;QACb,OAAO,EAAE,IAAI;KACd;IAED,YAAY,EAAE;QACZ,IAAI,EAAE,OAAO;QACb,OAAO,EAAE,KAAK;KACf;IAED,sBAAsB;IACtB,KAAK,EAAE;QACL,IAAI,EAAE,MAAM;QACZ,IAAI,EAAE,CAAC,OAAO,EAAE,MAAM,EAAE,MAAM,CAAC;QAC/B,OAAO,EAAE,MAAM;KAChB;IAED,YAAY,EAAE;QACZ,IAAI,EAAE,MAAM;QACZ,GAAG,EAAE,CAAC;QACN,GAAG,EAAE,EAAE;QACP,OAAO,EAAE,EAAE;KACZ;IAED,iDAAiD;IACjD,oBAAoB,EAAE,CAAC;YACrB,IAAI,EAAE,MAAM;YACZ,IAAI,EAAE,CAAC,OAAO,EAAE,OAAO,EAAE,OAAO,EAAE,KAAK,EAAE,KAAK,EAAE,KAAK,EAAE,MAAM,EAAE,MAAM,CAAC;SACvE,CAAC;IAEF,2BAA2B;IAC3B,SAAS,EAAE,CAAC,EAAE,IAAI,EAAE,MAAM,EAAE,CAAC;IAE7B,SAAS,EAAE;QACT,IAAI,EAAE,IAAI;QACV,OAAO,EAAE,IAAI,CAAC,GAAG;KAClB;IAED,SAAS,EAAE;QACT,IAAI,EAAE,IAAI;QACV,OAAO,EAAE,IAAI,CAAC,GAAG;KAClB;CACF,CAAC,CAAC;AAEH,2CAA2C;AAC3C,qBAAqB,CAAC,GAAG,CAAmB,MAAM,EAAE,UAAS,IAAI;IAC/D,IAAI,CAAC,SAAS,GAAG,IAAI,IAAI,EAAE,CAAC;IAC5B,IAAI,EAAE,CAAC;AACT,CAAC,CAAC,CAAC;AAEH,iBAAiB;AACjB,qBAAqB,CAAC,OAAO,CAAC,YAAY,GAAG,UAAS,MAA+B;IACnF,OAAO,IAAI,CAAC,OAAO,CAAC,EAAE,MAAM,EAAE,CAAC,CAAC;AAClC,CAAC,CAAC;AAEF,qBAAqB,CAAC,OAAO,CAAC,aAAa,GAAG,UAAS,MAA+B;IACpF,OAAO,IAAI,CAAC,MAAM,CAAC,EAAE,MAAM,EAAE,CAAC,CAAC;AACjC,CAAC,CAAC;AAEF,mBAAmB;AACnB,qBAAqB,CAAC,OAAO,CAAC,iBAAiB,GAAG,UAAS,OAAkC;IAC3F,MAAM,CAAC,IAAI,CAAC,OAAO,CAAC,CAAC,OAAO,CAAC,GAAG,CAAC,EAAE;QACjC,IAAI,IAAI,CAAC,MAAM,CAAC,KAAK,CAAC,GAAG,CAAC,IAAI,OAAO,CAAC,GAA6B,CAAC,KAAK,SAAS,EAAE,CAAC;YAClF,IAAY,CAAC,GAAG,CAAC,GAAG,OAAO,CAAC,GAA6B,CAAC,CAAC;QAC9D,CAAC;IACH,CAAC,CAAC,CAAC;IACH,OAAO,IAAI,CAAC,IAAI,EAAE,CAAC;AACrB,CAAC,CAAC;AAEF,kBAAe,kBAAQ,CAAC,KAAK,CAA0C,iBAAiB,EAAE,qBAAqB,CAAC,CAAC","sourcesContent":["import mongoose, { Document, Schema, Model } from \"mongoose\";\nimport { ContentType } from \"./Content\";\n\nexport type SummaryLength = 'short' | 'medium' | 'long';\nexport type SummaryStyle = 'bullet-points' | 'paragraph' | 'keywords' | 'abstract';\nexport type ProcessingQuality = 'fast' | 'balanced' | 'high';\nexport type Privacy = 'private' | 'public';\nexport type Theme = 'light' | 'dark' | 'auto';\n\nexport interface IUserPreferences extends Document {\n  userId: mongoose.Types.ObjectId;\n  \n  // Summary preferences\n  defaultSummaryLength: SummaryLength;\n  summaryStyle: SummaryStyle;\n  \n  // Language preferences\n  preferredLanguage: string;\n  \n  // Processing preferences\n  processingQuality: ProcessingQuality;\n  autoSaveContent: boolean;\n  \n  // Privacy preferences\n  defaultPrivacy: Privacy;\n  \n  // Notification preferences\n  emailNotifications: boolean;\n  processingNotifications: boolean;\n  weeklyDigest: boolean;\n  \n  // Display preferences\n  theme: Theme;\n  itemsPerPage: number;\n  \n  // Content type preferences (for recommendations)\n  favoriteContentTypes: ContentType[];\n  \n  // Tags for personalization\n  interests: string[];\n  \n  createdAt: Date;\n  updatedAt: Date;\n  \n  // Instance methods\n  updatePreferences(updates: Partial<IUserPreferences>): Promise<IUserPreferences>;\n}\n\nexport interface IUserPreferencesModel extends Model<IUserPreferences> {\n  findByUserId(userId: mongoose.Types.ObjectId): Promise<IUserPreferences | null>;\n  createDefault(userId: mongoose.Types.ObjectId): Promise<IUserPreferences>;\n}\n\nconst userPreferencesSchema = new Schema<IUserPreferences>({\n  userId: { \n    type: Schema.Types.ObjectId, \n    ref: 'User', \n    required: true,\n    unique: true \n  },\n  \n  // Summary preferences\n  defaultSummaryLength: { \n    type: String, \n    enum: ['short', 'medium', 'long'], \n    default: 'medium' \n  },\n  \n  summaryStyle: { \n    type: String, \n    enum: ['bullet-points', 'paragraph', 'keywords', 'abstract'], \n    default: 'paragraph' \n  },\n  \n  // Language preferences\n  preferredLanguage: { \n    type: String, \n    default: 'en' \n  },\n  \n  // Processing preferences\n  processingQuality: { \n    type: String, \n    enum: ['fast', 'balanced', 'high'], \n    default: 'balanced' \n  },\n  \n  autoSaveContent: { \n    type: Boolean, \n    default: true \n  },\n  \n  // Privacy preferences\n  defaultPrivacy: { \n    type: String, \n    enum: ['private', 'public'], \n    default: 'private' \n  },\n  \n  // Notification preferences\n  emailNotifications: { \n    type: Boolean, \n    default: true \n  },\n  \n  processingNotifications: { \n    type: Boolean, \n    default: true \n  },\n  \n  weeklyDigest: { \n    type: Boolean, \n    default: false \n  },\n  \n  // Display preferences\n  theme: { \n    type: String, \n    enum: ['light', 'dark', 'auto'], \n    default: 'auto' \n  },\n  \n  itemsPerPage: { \n    type: Number, \n    min: 5, \n    max: 50, \n    default: 10 \n  },\n  \n  // Content type preferences (for recommendations)\n  favoriteContentTypes: [{ \n    type: String, \n    enum: ['audio', 'image', 'video', 'gif', 'url', 'pdf', 'book', 'text'] \n  }],\n  \n  // Tags for personalization\n  interests: [{ type: String }],\n  \n  createdAt: { \n    type: Date, \n    default: Date.now \n  },\n  \n  updatedAt: { \n    type: Date, \n    default: Date.now \n  }\n});\n\n// Update the updatedAt field before saving\nuserPreferencesSchema.pre<IUserPreferences>('save', function(next) {\n  this.updatedAt = new Date();\n  next();\n});\n\n// Static methods\nuserPreferencesSchema.statics.findByUserId = function(userId: mongoose.Types.ObjectId): Promise<IUserPreferences | null> {\n  return this.findOne({ userId });\n};\n\nuserPreferencesSchema.statics.createDefault = function(userId: mongoose.Types.ObjectId): Promise<IUserPreferences> {\n  return this.create({ userId });\n};\n\n// Instance methods\nuserPreferencesSchema.methods.updatePreferences = function(updates: Partial<IUserPreferences>): Promise<IUserPreferences> {\n  Object.keys(updates).forEach(key => {\n    if (this.schema.paths[key] && updates[key as keyof IUserPreferences] !== undefined) {\n      (this as any)[key] = updates[key as keyof IUserPreferences];\n    }\n  });\n  return this.save();\n};\n\nexport default mongoose.model<IUserPreferences, IUserPreferencesModel>(\"UserPreferences\", userPreferencesSchema);\n"]},"_coverageSchema":"1a1c01bbd47fc00a2c39e90264f33305004495a9","hash":"8f4f9f2742c3ce8f13fedd1520960d22b7e69ab3","contentHash":"f43f25e3c4c854ee1d94053c0f4caeab0fbdb4951dd1839f48be9c92603c801f"}}